TN:
SF:knexfile.js
FNF:0
FNH:0
DA:3,2
LF:1
LH:1
BRF:0
BRH:0
end_of_record
TN:
SF:src/App.ts
FNF:0
FNH:0
DA:1,2
DA:2,2
DA:3,2
DA:4,2
DA:6,2
DA:8,2
DA:10,2
DA:11,2
DA:12,2
DA:16,2
LF:10
LH:10
BRF:0
BRH:0
end_of_record
TN:
SF:src/routes.ts
FN:12,(anonymous_0)
FNF:1
FNH:0
FNDA:0,(anonymous_0)
DA:1,2
DA:2,2
DA:3,2
DA:4,2
DA:6,2
DA:8,2
DA:9,2
DA:10,2
DA:12,2
DA:13,0
DA:16,2
DA:17,2
DA:18,2
DA:20,2
DA:21,2
DA:22,2
DA:24,2
DA:25,2
DA:26,2
DA:29,2
LF:20
LH:19
BRF:0
BRH:0
end_of_record
TN:
SF:src/Services/Clients.ts
FN:11,(anonymous_14)
FN:12,(anonymous_16)
FN:13,(anonymous_19)
FN:13,(anonymous_20)
FN:20,(anonymous_22)
FN:23,(anonymous_23)
FN:43,(anonymous_24)
FN:45,(anonymous_25)
FN:60,(anonymous_26)
FN:61,(anonymous_29)
FN:61,(anonymous_30)
FN:65,(anonymous_32)
FN:68,(anonymous_33)
FN:82,(anonymous_34)
FN:83,(anonymous_37)
FN:83,(anonymous_38)
FN:89,(anonymous_40)
FN:92,(anonymous_41)
FN:106,(anonymous_42)
FN:107,(anonymous_45)
FN:107,(anonymous_46)
FN:112,(anonymous_48)
FN:119,(anonymous_49)
FNF:23
FNH:1
FNDA:2,(anonymous_14)
FNDA:0,(anonymous_16)
FNDA:0,(anonymous_19)
FNDA:0,(anonymous_20)
FNDA:0,(anonymous_22)
FNDA:0,(anonymous_23)
FNDA:0,(anonymous_24)
FNDA:0,(anonymous_25)
FNDA:0,(anonymous_26)
FNDA:0,(anonymous_29)
FNDA:0,(anonymous_30)
FNDA:0,(anonymous_32)
FNDA:0,(anonymous_33)
FNDA:0,(anonymous_34)
FNDA:0,(anonymous_37)
FNDA:0,(anonymous_38)
FNDA:0,(anonymous_40)
FNDA:0,(anonymous_41)
FNDA:0,(anonymous_42)
FNDA:0,(anonymous_45)
FNDA:0,(anonymous_46)
FNDA:0,(anonymous_48)
FNDA:0,(anonymous_49)
DA:1,2
DA:2,2
DA:11,2
DA:12,2
DA:13,0
DA:15,0
DA:16,0
DA:21,0
DA:24,0
DA:29,0
DA:30,0
DA:34,0
DA:36,0
DA:37,0
DA:44,0
DA:46,0
DA:53,0
DA:60,2
DA:61,0
DA:63,0
DA:66,0
DA:69,0
DA:75,0
DA:82,2
DA:83,0
DA:85,0
DA:90,0
DA:93,0
DA:99,0
DA:106,2
DA:107,0
DA:109,0
DA:113,0
DA:114,0
DA:116,0
DA:120,0
DA:123,0
DA:131,2
DA:135,2
LF:39
LH:9
BRDA:29,0,0,0
BRDA:29,0,1,0
BRDA:113,1,0,0
BRDA:113,1,1,0
BRF:4
BRH:0
end_of_record
TN:
SF:src/Services/Company.ts
FN:11,(anonymous_14)
FN:12,(anonymous_16)
FN:13,(anonymous_19)
FN:13,(anonymous_20)
FN:18,(anonymous_22)
FN:21,(anonymous_23)
FN:37,(anonymous_24)
FN:38,(anonymous_27)
FN:38,(anonymous_28)
FN:41,(anonymous_30)
FN:44,(anonymous_31)
FN:52,(anonymous_32)
FN:53,(anonymous_35)
FN:53,(anonymous_36)
FN:58,(anonymous_38)
FN:61,(anonymous_39)
FNF:16
FNH:9
FNDA:63,(anonymous_14)
FNDA:58,(anonymous_16)
FNDA:58,(anonymous_19)
FNDA:58,(anonymous_20)
FNDA:58,(anonymous_22)
FNDA:0,(anonymous_23)
FNDA:3,(anonymous_24)
FNDA:3,(anonymous_27)
FNDA:3,(anonymous_28)
FNDA:3,(anonymous_30)
FNDA:0,(anonymous_31)
FNDA:0,(anonymous_32)
FNDA:0,(anonymous_35)
FNDA:0,(anonymous_36)
FNDA:0,(anonymous_38)
FNDA:0,(anonymous_39)
DA:1,2
DA:2,2
DA:11,2
DA:12,2
DA:13,58
DA:15,58
DA:16,116
DA:19,58
DA:22,0
DA:28,0
DA:32,0
DA:37,2
DA:38,3
DA:39,6
DA:42,3
DA:45,0
DA:52,2
DA:53,0
DA:55,0
DA:59,0
DA:62,0
DA:68,0
DA:72,0
DA:76,2
DA:80,2
LF:25
LH:15
BRDA:39,0,0,3
BRF:1
BRH:1
end_of_record
TN:
SF:src/Services/Location.ts
FN:16,(anonymous_14)
FN:17,(anonymous_16)
FN:18,(anonymous_19)
FN:18,(anonymous_20)
FN:22,(anonymous_22)
FN:25,(anonymous_23)
FN:40,(anonymous_24)
FN:41,(anonymous_27)
FN:41,(anonymous_28)
FN:45,(anonymous_30)
FN:48,(anonymous_31)
FN:58,(anonymous_32)
FN:67,(anonymous_33)
FN:84,(anonymous_34)
FN:85,(anonymous_37)
FN:85,(anonymous_38)
FN:91,(anonymous_40)
FN:94,(anonymous_41)
FNF:18
FNH:1
FNDA:2,(anonymous_14)
FNDA:0,(anonymous_16)
FNDA:0,(anonymous_19)
FNDA:0,(anonymous_20)
FNDA:0,(anonymous_22)
FNDA:0,(anonymous_23)
FNDA:0,(anonymous_24)
FNDA:0,(anonymous_27)
FNDA:0,(anonymous_28)
FNDA:0,(anonymous_30)
FNDA:0,(anonymous_31)
FNDA:0,(anonymous_32)
FNDA:0,(anonymous_33)
FNDA:0,(anonymous_34)
FNDA:0,(anonymous_37)
FNDA:0,(anonymous_38)
FNDA:0,(anonymous_40)
FNDA:0,(anonymous_41)
DA:1,2
DA:2,2
DA:3,2
DA:16,2
DA:17,2
DA:18,0
DA:20,0
DA:23,0
DA:26,0
DA:32,0
DA:36,0
DA:40,2
DA:41,0
DA:43,0
DA:44,0
DA:46,0
DA:49,0
DA:55,0
DA:56,0
DA:59,0
DA:68,0
DA:75,0
DA:79,0
DA:84,2
DA:85,0
DA:87,0
DA:92,0
DA:95,0
DA:101,0
DA:108,2
DA:111,2
LF:31
LH:9
BRF:0
BRH:0
end_of_record
TN:
SF:src/controllers/clientController.ts
FN:4,(anonymous_13)
FN:5,(anonymous_15)
FN:8,(anonymous_18)
FN:11,(anonymous_19)
FN:15,(anonymous_20)
FN:22,(anonymous_23)
FN:25,(anonymous_24)
FN:29,(anonymous_25)
FN:34,(anonymous_28)
FN:37,(anonymous_29)
FNF:10
FNH:1
FNDA:4,(anonymous_13)
FNDA:0,(anonymous_15)
FNDA:0,(anonymous_18)
FNDA:0,(anonymous_19)
FNDA:0,(anonymous_20)
FNDA:0,(anonymous_23)
FNDA:0,(anonymous_24)
FNDA:0,(anonymous_25)
FNDA:0,(anonymous_28)
FNDA:0,(anonymous_29)
DA:2,2
DA:4,2
DA:5,2
DA:6,0
DA:7,0
DA:9,0
DA:12,0
DA:15,2
DA:16,0
DA:17,0
DA:18,0
DA:19,0
DA:21,0
DA:23,0
DA:26,0
DA:29,2
DA:30,0
DA:31,0
DA:33,0
DA:35,0
DA:38,0
DA:41,2
DA:43,2
LF:23
LH:7
BRDA:18,0,0,0
BRDA:18,0,1,0
BRF:2
BRH:0
end_of_record
TN:
SF:src/controllers/companyController.ts
FN:4,(anonymous_13)
FN:5,(anonymous_15)
FN:8,(anonymous_18)
FN:11,(anonymous_19)
FN:15,(anonymous_20)
FN:19,(anonymous_23)
FN:22,(anonymous_24)
FN:26,(anonymous_25)
FN:31,(anonymous_28)
FN:34,(anonymous_29)
FNF:10
FNH:5
FNDA:4,(anonymous_13)
FNDA:3,(anonymous_15)
FNDA:3,(anonymous_18)
FNDA:0,(anonymous_19)
FNDA:58,(anonymous_20)
FNDA:58,(anonymous_23)
FNDA:0,(anonymous_24)
FNDA:0,(anonymous_25)
FNDA:0,(anonymous_28)
FNDA:0,(anonymous_29)
DA:2,2
DA:4,2
DA:5,2
DA:6,3
DA:7,6
DA:9,3
DA:12,0
DA:15,2
DA:16,58
DA:17,58
DA:18,116
DA:20,58
DA:23,0
DA:26,2
DA:27,0
DA:28,0
DA:29,0
DA:30,0
DA:32,0
DA:35,0
DA:38,2
DA:41,2
LF:22
LH:14
BRDA:29,0,0,0
BRDA:29,0,1,0
BRF:2
BRH:0
end_of_record
TN:
SF:src/controllers/locationController.ts
FN:4,(anonymous_13)
FN:5,(anonymous_15)
FN:8,(anonymous_18)
FN:11,(anonymous_19)
FN:15,(anonymous_20)
FN:24,(anonymous_23)
FN:27,(anonymous_24)
FN:31,(anonymous_25)
FN:35,(anonymous_28)
FN:38,(anonymous_29)
FNF:10
FNH:1
FNDA:4,(anonymous_13)
FNDA:0,(anonymous_15)
FNDA:0,(anonymous_18)
FNDA:0,(anonymous_19)
FNDA:0,(anonymous_20)
FNDA:0,(anonymous_23)
FNDA:0,(anonymous_24)
FNDA:0,(anonymous_25)
FNDA:0,(anonymous_28)
FNDA:0,(anonymous_29)
DA:2,2
DA:4,2
DA:5,2
DA:6,0
DA:7,0
DA:9,0
DA:12,0
DA:15,2
DA:16,0
DA:17,0
DA:18,0
DA:19,0
DA:20,0
DA:21,0
DA:22,0
DA:23,0
DA:25,0
DA:28,0
DA:31,2
DA:32,0
DA:33,0
DA:34,0
DA:36,0
DA:39,0
DA:42,2
DA:44,2
LF:26
LH:7
BRDA:18,0,0,0
BRDA:18,0,1,0
BRDA:19,1,0,0
BRDA:19,1,1,0
BRDA:20,2,0,0
BRDA:20,2,1,0
BRDA:21,3,0,0
BRDA:21,3,1,0
BRDA:22,4,0,0
BRDA:22,4,1,0
BRF:10
BRH:0
end_of_record
TN:
SF:src/database/conection.ts
FNF:0
FNH:0
DA:1,2
DA:2,2
DA:3,2
DA:4,2
DA:6,2
DA:8,2
LF:6
LH:6
BRDA:6,0,0,2
BRDA:6,0,1,0
BRF:2
BRH:1
end_of_record
TN:
SF:src/database/migrations/20210225114941_create_companyTable.js
FN:2,(anonymous_0)
FN:3,(anonymous_1)
FN:10,(anonymous_2)
FNF:3
FNH:0
FNDA:0,(anonymous_0)
FNDA:0,(anonymous_1)
FNDA:0,(anonymous_2)
DA:2,1
DA:3,0
DA:4,0
DA:5,0
DA:6,0
DA:10,1
DA:11,0
LF:7
LH:2
BRF:0
BRH:0
end_of_record
TN:
SF:src/database/migrations/20210225115734_create_clientTable.js
FN:2,(anonymous_0)
FN:3,(anonymous_1)
FN:11,(anonymous_2)
FNF:3
FNH:0
FNDA:0,(anonymous_0)
FNDA:0,(anonymous_1)
FNDA:0,(anonymous_2)
DA:2,1
DA:3,0
DA:4,0
DA:5,0
DA:6,0
DA:7,0
DA:11,1
DA:12,0
LF:8
LH:2
BRF:0
BRH:0
end_of_record
TN:
SF:src/database/migrations/20210225122534_create_locationTable.js
FN:2,(anonymous_0)
FN:3,(anonymous_1)
FN:14,(anonymous_2)
FNF:3
FNH:0
FNDA:0,(anonymous_0)
FNDA:0,(anonymous_1)
FNDA:0,(anonymous_2)
DA:2,1
DA:3,0
DA:4,0
DA:5,0
DA:6,0
DA:7,0
DA:8,0
DA:9,0
DA:10,0
DA:14,1
DA:15,0
LF:11
LH:2
BRF:0
BRH:0
end_of_record
TN:
SF:src/database/migrations/20210225133037_create_contactTable.js
FN:2,(anonymous_0)
FN:3,(anonymous_1)
FN:13,(anonymous_2)
FNF:3
FNH:1
FNDA:0,(anonymous_0)
FNDA:0,(anonymous_1)
FNDA:1,(anonymous_2)
DA:2,1
DA:3,0
DA:4,0
DA:5,0
DA:6,0
DA:7,0
DA:8,0
DA:9,0
DA:13,1
DA:14,1
LF:10
LH:3
BRF:0
BRH:0
end_of_record
TN:
SF:src/database/migrations/20210227181437_create_techTable.js
FN:2,(anonymous_0)
FN:3,(anonymous_1)
FN:18,(anonymous_2)
FNF:3
FNH:3
FNDA:2,(anonymous_0)
FNDA:2,(anonymous_1)
FNDA:2,(anonymous_2)
DA:2,2
DA:3,2
DA:4,2
DA:5,2
DA:6,2
DA:7,2
DA:8,2
DA:9,2
DA:10,2
DA:11,2
DA:12,2
DA:13,2
DA:14,2
DA:18,2
DA:19,2
LF:15
LH:15
BRF:0
BRH:0
end_of_record
TN:
SF:tests/utils/uuidRegex.ts
FNF:0
FNH:0
DA:2,2
LF:1
LH:1
BRF:0
BRH:0
end_of_record
