{"/home/rodcordeiro/projetos/ticketsController/backend/knexfile.js": {"path":"/home/rodcordeiro/projetos/ticketsController/backend/knexfile.js","statementMap":{"0":{"start":{"line":3,"column":0},"end":{"line":44,"column":2}}},"fnMap":{},"branchMap":{},"s":{"0":2},"f":{},"b":{},"inputSourceMap":null,"_coverageSchema":"1a1c01bbd47fc00a2c39e90264f33305004495a9","hash":"73de450043f72c56251d96eadd64effb86faf8db"}
,"/home/rodcordeiro/projetos/ticketsController/backend/src/App.ts": {"path":"/home/rodcordeiro/projetos/ticketsController/backend/src/App.ts","statementMap":{"0":{"start":{"line":1,"column":0},"end":{"line":1,"column":30}},"1":{"start":{"line":2,"column":0},"end":{"line":2,"column":28}},"2":{"start":{"line":3,"column":0},"end":{"line":3,"column":24}},"3":{"start":{"line":4,"column":0},"end":{"line":4,"column":30}},"4":{"start":{"line":6,"column":0},"end":{"line":6,"column":null}},"5":{"start":{"line":8,"column":12},"end":{"line":8,"column":21}},"6":{"start":{"line":10,"column":0},"end":{"line":10,"column":16}},"7":{"start":{"line":11,"column":0},"end":{"line":11,"column":24}},"8":{"start":{"line":12,"column":0},"end":{"line":12,"column":16}},"9":{"start":{"line":16,"column":0},"end":{"line":16,"column":19}}},"fnMap":{},"branchMap":{},"s":{"0":2,"1":2,"2":2,"3":2,"4":2,"5":2,"6":2,"7":2,"8":2,"9":2},"f":{},"b":{}}
,"/home/rodcordeiro/projetos/ticketsController/backend/src/routes.ts": {"path":"/home/rodcordeiro/projetos/ticketsController/backend/src/routes.ts","statementMap":{"0":{"start":{"line":1,"column":0},"end":{"line":1,"column":32}},"1":{"start":{"line":2,"column":0},"end":{"line":2,"column":69}},"2":{"start":{"line":3,"column":0},"end":{"line":3,"column":65}},"3":{"start":{"line":4,"column":0},"end":{"line":4,"column":70}},"4":{"start":{"line":5,"column":0},"end":{"line":5,"column":68}},"5":{"start":{"line":6,"column":0},"end":{"line":6,"column":63}},"6":{"start":{"line":7,"column":0},"end":{"line":7,"column":38}},"7":{"start":{"line":9,"column":15},"end":{"line":9,"column":23}},"8":{"start":{"line":11,"column":18},"end":{"line":11,"column":43}},"9":{"start":{"line":12,"column":16},"end":{"line":12,"column":38}},"10":{"start":{"line":13,"column":17},"end":{"line":13,"column":41}},"11":{"start":{"line":14,"column":17},"end":{"line":14,"column":40}},"12":{"start":{"line":15,"column":14},"end":{"line":15,"column":34}},"13":{"start":{"line":17,"column":0},"end":{"line":19,"column":null}},"14":{"start":{"line":18,"column":4},"end":{"line":18,"column":null}},"15":{"start":{"line":21,"column":0},"end":{"line":21,"column":null}},"16":{"start":{"line":22,"column":0},"end":{"line":22,"column":null}},"17":{"start":{"line":23,"column":0},"end":{"line":23,"column":null}},"18":{"start":{"line":25,"column":0},"end":{"line":25,"column":null}},"19":{"start":{"line":26,"column":0},"end":{"line":26,"column":null}},"20":{"start":{"line":27,"column":0},"end":{"line":27,"column":null}},"21":{"start":{"line":29,"column":0},"end":{"line":29,"column":null}},"22":{"start":{"line":30,"column":0},"end":{"line":30,"column":null}},"23":{"start":{"line":31,"column":0},"end":{"line":31,"column":null}},"24":{"start":{"line":33,"column":0},"end":{"line":33,"column":null}},"25":{"start":{"line":34,"column":0},"end":{"line":34,"column":null}},"26":{"start":{"line":36,"column":0},"end":{"line":36,"column":33}},"27":{"start":{"line":37,"column":0},"end":{"line":37,"column":50}},"28":{"start":{"line":38,"column":0},"end":{"line":38,"column":56}},"29":{"start":{"line":39,"column":0},"end":{"line":39,"column":33}},"30":{"start":{"line":43,"column":0},"end":{"line":43,"column":22}}},"fnMap":{"0":{"name":"(anonymous_1)","decl":{"start":{"line":17,"column":15},"end":{"line":17,"column":16}},"loc":{"start":{"line":17,"column":23},"end":{"line":19,"column":1}}}},"branchMap":{},"s":{"0":2,"1":2,"2":2,"3":2,"4":2,"5":2,"6":2,"7":2,"8":2,"9":2,"10":2,"11":2,"12":2,"13":2,"14":0,"15":2,"16":2,"17":2,"18":2,"19":2,"20":2,"21":2,"22":2,"23":2,"24":2,"25":2,"26":2,"27":2,"28":2,"29":2,"30":2},"f":{"0":0},"b":{}}
,"/home/rodcordeiro/projetos/ticketsController/backend/src/Services/Clients.ts": {"path":"/home/rodcordeiro/projetos/ticketsController/backend/src/Services/Clients.ts","statementMap":{"0":{"start":{"line":1,"column":0},"end":{"line":1,"column":47}},"1":{"start":{"line":2,"column":0},"end":{"line":2,"column":34}},"2":{"start":{"line":11,"column":0},"end":{"line":11,"column":null}},"3":{"start":{"line":12,"column":10},"end":{"line":59,"column":null}},"4":{"start":{"line":13,"column":8},"end":{"line":58,"column":null}},"5":{"start":{"line":13,"column":49},"end":{"line":58,"column":14}},"6":{"start":{"line":15,"column":23},"end":{"line":15,"column":43}},"7":{"start":{"line":16,"column":31},"end":{"line":28,"column":null}},"8":{"start":{"line":21,"column":24},"end":{"line":21,"column":null}},"9":{"start":{"line":24,"column":24},"end":{"line":27,"column":null}},"10":{"start":{"line":16,"column":22},"end":{"line":28,"column":null}},"11":{"start":{"line":29,"column":16},"end":{"line":35,"column":null}},"12":{"start":{"line":30,"column":20},"end":{"line":33,"column":null}},"13":{"start":{"line":34,"column":20},"end":{"line":34,"column":null}},"14":{"start":{"line":36,"column":22},"end":{"line":36,"column":null}},"15":{"start":{"line":37,"column":16},"end":{"line":50,"column":null}},"16":{"start":{"line":44,"column":24},"end":{"line":44,"column":null}},"17":{"start":{"line":46,"column":24},"end":{"line":49,"column":null}},"18":{"start":{"line":53,"column":16},"end":{"line":56,"column":null}},"19":{"start":{"line":60,"column":10},"end":{"line":81,"column":null}},"20":{"start":{"line":61,"column":8},"end":{"line":80,"column":null}},"21":{"start":{"line":61,"column":48},"end":{"line":80,"column":10}},"22":{"start":{"line":63,"column":16},"end":{"line":73,"column":null}},"23":{"start":{"line":66,"column":24},"end":{"line":66,"column":null}},"24":{"start":{"line":69,"column":24},"end":{"line":72,"column":null}},"25":{"start":{"line":75,"column":16},"end":{"line":78,"column":null}},"26":{"start":{"line":82,"column":10},"end":{"line":105,"column":null}},"27":{"start":{"line":83,"column":8},"end":{"line":104,"column":null}},"28":{"start":{"line":83,"column":48},"end":{"line":104,"column":10}},"29":{"start":{"line":85,"column":16},"end":{"line":97,"column":null}},"30":{"start":{"line":90,"column":24},"end":{"line":90,"column":null}},"31":{"start":{"line":93,"column":24},"end":{"line":96,"column":null}},"32":{"start":{"line":99,"column":16},"end":{"line":102,"column":null}},"33":{"start":{"line":106,"column":10},"end":{"line":130,"column":null}},"34":{"start":{"line":107,"column":8},"end":{"line":129,"column":null}},"35":{"start":{"line":107,"column":48},"end":{"line":129,"column":10}},"36":{"start":{"line":109,"column":16},"end":{"line":121,"column":null}},"37":{"start":{"line":113,"column":24},"end":{"line":117,"column":null}},"38":{"start":{"line":114,"column":27},"end":{"line":114,"column":null}},"39":{"start":{"line":116,"column":28},"end":{"line":116,"column":null}},"40":{"start":{"line":120,"column":24},"end":{"line":120,"column":null}},"41":{"start":{"line":123,"column":16},"end":{"line":126,"column":null}},"42":{"start":{"line":131,"column":0},"end":{"line":131,"column":null}},"43":{"start":{"line":135,"column":4},"end":{"line":135,"column":18}}},"fnMap":{"0":{"name":"(anonymous_14)","decl":{"start":{"line":11,"column":0},"end":{"line":11,"column":null}},"loc":{"start":{"line":11,"column":0},"end":{"line":131,"column":null}}},"1":{"name":"(anonymous_16)","decl":{"start":{"line":12,"column":4},"end":{"line":12,"column":10}},"loc":{"start":{"line":12,"column":30},"end":{"line":59,"column":null}}},"2":{"name":"(anonymous_19)","decl":{"start":{"line":13,"column":27},"end":{"line":13,"column":34}},"loc":{"start":{"line":13,"column":49},"end":{"line":58,"column":14}}},"3":{"name":"(anonymous_20)","decl":{"start":{"line":13,"column":49},"end":{"line":13,"column":null}},"loc":{"start":{"line":13,"column":49},"end":{"line":58,"column":14}}},"4":{"name":"(anonymous_22)","decl":{"start":{"line":20,"column":26},"end":{"line":20,"column":27}},"loc":{"start":{"line":20,"column":40},"end":{"line":22,"column":21}}},"5":{"name":"(anonymous_23)","decl":{"start":{"line":23,"column":27},"end":{"line":23,"column":28}},"loc":{"start":{"line":23,"column":38},"end":{"line":28,"column":21}}},"6":{"name":"(anonymous_24)","decl":{"start":{"line":43,"column":26},"end":{"line":43,"column":27}},"loc":{"start":{"line":43,"column":40},"end":{"line":45,"column":21}}},"7":{"name":"(anonymous_25)","decl":{"start":{"line":45,"column":29},"end":{"line":45,"column":30}},"loc":{"start":{"line":45,"column":40},"end":{"line":50,"column":21}}},"8":{"name":"(anonymous_26)","decl":{"start":{"line":60,"column":4},"end":{"line":60,"column":10}},"loc":{"start":{"line":60,"column":4},"end":{"line":81,"column":null}}},"9":{"name":"(anonymous_29)","decl":{"start":{"line":61,"column":27},"end":{"line":61,"column":34}},"loc":{"start":{"line":61,"column":48},"end":{"line":80,"column":10}}},"10":{"name":"(anonymous_30)","decl":{"start":{"line":61,"column":48},"end":{"line":61,"column":null}},"loc":{"start":{"line":61,"column":48},"end":{"line":80,"column":10}}},"11":{"name":"(anonymous_32)","decl":{"start":{"line":65,"column":26},"end":{"line":65,"column":27}},"loc":{"start":{"line":65,"column":51},"end":{"line":67,"column":21}}},"12":{"name":"(anonymous_33)","decl":{"start":{"line":68,"column":27},"end":{"line":68,"column":28}},"loc":{"start":{"line":68,"column":38},"end":{"line":73,"column":21}}},"13":{"name":"(anonymous_34)","decl":{"start":{"line":82,"column":4},"end":{"line":82,"column":10}},"loc":{"start":{"line":82,"column":34},"end":{"line":105,"column":null}}},"14":{"name":"(anonymous_37)","decl":{"start":{"line":83,"column":27},"end":{"line":83,"column":34}},"loc":{"start":{"line":83,"column":48},"end":{"line":104,"column":10}}},"15":{"name":"(anonymous_38)","decl":{"start":{"line":83,"column":48},"end":{"line":83,"column":null}},"loc":{"start":{"line":83,"column":48},"end":{"line":104,"column":10}}},"16":{"name":"(anonymous_40)","decl":{"start":{"line":89,"column":26},"end":{"line":89,"column":27}},"loc":{"start":{"line":89,"column":40},"end":{"line":91,"column":21}}},"17":{"name":"(anonymous_41)","decl":{"start":{"line":92,"column":27},"end":{"line":92,"column":28}},"loc":{"start":{"line":92,"column":38},"end":{"line":97,"column":21}}},"18":{"name":"(anonymous_42)","decl":{"start":{"line":106,"column":4},"end":{"line":106,"column":10}},"loc":{"start":{"line":106,"column":36},"end":{"line":130,"column":null}}},"19":{"name":"(anonymous_45)","decl":{"start":{"line":107,"column":27},"end":{"line":107,"column":34}},"loc":{"start":{"line":107,"column":48},"end":{"line":129,"column":10}}},"20":{"name":"(anonymous_46)","decl":{"start":{"line":107,"column":48},"end":{"line":107,"column":null}},"loc":{"start":{"line":107,"column":48},"end":{"line":129,"column":10}}},"21":{"name":"(anonymous_48)","decl":{"start":{"line":112,"column":26},"end":{"line":112,"column":27}},"loc":{"start":{"line":112,"column":40},"end":{"line":118,"column":21}}},"22":{"name":"(anonymous_49)","decl":{"start":{"line":119,"column":27},"end":{"line":119,"column":28}},"loc":{"start":{"line":119,"column":37},"end":{"line":121,"column":21}}}},"branchMap":{"0":{"loc":{"start":{"line":29,"column":16},"end":{"line":35,"column":null}},"type":"if","locations":[{"start":{"line":29,"column":16},"end":{"line":35,"column":null}},{"start":{"line":29,"column":16},"end":{"line":35,"column":null}}]},"1":{"loc":{"start":{"line":113,"column":24},"end":{"line":117,"column":null}},"type":"if","locations":[{"start":{"line":113,"column":24},"end":{"line":117,"column":null}},{"start":{"line":113,"column":24},"end":{"line":117,"column":null}}]}},"s":{"0":2,"1":2,"2":2,"3":2,"4":0,"5":0,"6":0,"7":0,"8":0,"9":0,"10":0,"11":0,"12":0,"13":0,"14":0,"15":0,"16":0,"17":0,"18":0,"19":2,"20":0,"21":0,"22":0,"23":0,"24":0,"25":0,"26":2,"27":0,"28":0,"29":0,"30":0,"31":0,"32":0,"33":2,"34":0,"35":0,"36":0,"37":0,"38":0,"39":0,"40":0,"41":0,"42":2,"43":2},"f":{"0":2,"1":0,"2":0,"3":0,"4":0,"5":0,"6":0,"7":0,"8":0,"9":0,"10":0,"11":0,"12":0,"13":0,"14":0,"15":0,"16":0,"17":0,"18":0,"19":0,"20":0,"21":0,"22":0},"b":{"0":[0,0],"1":[0,0]}}
,"/home/rodcordeiro/projetos/ticketsController/backend/src/Services/Company.ts": {"path":"/home/rodcordeiro/projetos/ticketsController/backend/src/Services/Company.ts","statementMap":{"0":{"start":{"line":1,"column":0},"end":{"line":1,"column":34}},"1":{"start":{"line":2,"column":0},"end":{"line":2,"column":47}},"2":{"start":{"line":11,"column":0},"end":{"line":11,"column":null}},"3":{"start":{"line":12,"column":10},"end":{"line":36,"column":null}},"4":{"start":{"line":13,"column":8},"end":{"line":35,"column":null}},"5":{"start":{"line":13,"column":48},"end":{"line":35,"column":10}},"6":{"start":{"line":15,"column":22},"end":{"line":15,"column":null}},"7":{"start":{"line":16,"column":16},"end":{"line":26,"column":null}},"8":{"start":{"line":19,"column":24},"end":{"line":19,"column":null}},"9":{"start":{"line":22,"column":24},"end":{"line":25,"column":null}},"10":{"start":{"line":28,"column":16},"end":{"line":31,"column":null}},"11":{"start":{"line":32,"column":16},"end":{"line":32,"column":null}},"12":{"start":{"line":37,"column":10},"end":{"line":51,"column":null}},"13":{"start":{"line":38,"column":8},"end":{"line":50,"column":null}},"14":{"start":{"line":38,"column":48},"end":{"line":50,"column":10}},"15":{"start":{"line":39,"column":12},"end":{"line":49,"column":null}},"16":{"start":{"line":42,"column":20},"end":{"line":42,"column":null}},"17":{"start":{"line":45,"column":20},"end":{"line":48,"column":null}},"18":{"start":{"line":52,"column":10},"end":{"line":75,"column":null}},"19":{"start":{"line":53,"column":8},"end":{"line":74,"column":null}},"20":{"start":{"line":53,"column":49},"end":{"line":74,"column":10}},"21":{"start":{"line":55,"column":16},"end":{"line":66,"column":null}},"22":{"start":{"line":59,"column":24},"end":{"line":59,"column":null}},"23":{"start":{"line":62,"column":24},"end":{"line":65,"column":null}},"24":{"start":{"line":68,"column":16},"end":{"line":71,"column":null}},"25":{"start":{"line":72,"column":16},"end":{"line":72,"column":null}},"26":{"start":{"line":76,"column":0},"end":{"line":76,"column":null}},"27":{"start":{"line":80,"column":4},"end":{"line":80,"column":18}}},"fnMap":{"0":{"name":"(anonymous_14)","decl":{"start":{"line":11,"column":0},"end":{"line":11,"column":null}},"loc":{"start":{"line":11,"column":0},"end":{"line":76,"column":null}}},"1":{"name":"(anonymous_16)","decl":{"start":{"line":12,"column":4},"end":{"line":12,"column":10}},"loc":{"start":{"line":12,"column":47},"end":{"line":36,"column":null}}},"2":{"name":"(anonymous_19)","decl":{"start":{"line":13,"column":28},"end":{"line":13,"column":34}},"loc":{"start":{"line":13,"column":48},"end":{"line":35,"column":10}}},"3":{"name":"(anonymous_20)","decl":{"start":{"line":13,"column":48},"end":{"line":13,"column":null}},"loc":{"start":{"line":13,"column":48},"end":{"line":35,"column":10}}},"4":{"name":"(anonymous_22)","decl":{"start":{"line":18,"column":26},"end":{"line":18,"column":27}},"loc":{"start":{"line":18,"column":41},"end":{"line":20,"column":21}}},"5":{"name":"(anonymous_23)","decl":{"start":{"line":21,"column":27},"end":{"line":21,"column":28}},"loc":{"start":{"line":21,"column":34},"end":{"line":26,"column":21}}},"6":{"name":"(anonymous_24)","decl":{"start":{"line":37,"column":4},"end":{"line":37,"column":10}},"loc":{"start":{"line":37,"column":4},"end":{"line":51,"column":null}}},"7":{"name":"(anonymous_27)","decl":{"start":{"line":38,"column":27},"end":{"line":38,"column":34}},"loc":{"start":{"line":38,"column":48},"end":{"line":50,"column":10}}},"8":{"name":"(anonymous_28)","decl":{"start":{"line":38,"column":48},"end":{"line":38,"column":null}},"loc":{"start":{"line":38,"column":48},"end":{"line":50,"column":10}}},"9":{"name":"(anonymous_30)","decl":{"start":{"line":41,"column":22},"end":{"line":41,"column":23}},"loc":{"start":{"line":41,"column":47},"end":{"line":43,"column":17}}},"10":{"name":"(anonymous_31)","decl":{"start":{"line":44,"column":23},"end":{"line":44,"column":24}},"loc":{"start":{"line":44,"column":30},"end":{"line":49,"column":17}}},"11":{"name":"(anonymous_32)","decl":{"start":{"line":52,"column":4},"end":{"line":52,"column":10}},"loc":{"start":{"line":52,"column":36},"end":{"line":75,"column":null}}},"12":{"name":"(anonymous_35)","decl":{"start":{"line":53,"column":27},"end":{"line":53,"column":34}},"loc":{"start":{"line":53,"column":49},"end":{"line":74,"column":10}}},"13":{"name":"(anonymous_36)","decl":{"start":{"line":53,"column":49},"end":{"line":53,"column":null}},"loc":{"start":{"line":53,"column":49},"end":{"line":74,"column":10}}},"14":{"name":"(anonymous_38)","decl":{"start":{"line":58,"column":26},"end":{"line":58,"column":27}},"loc":{"start":{"line":58,"column":40},"end":{"line":60,"column":21}}},"15":{"name":"(anonymous_39)","decl":{"start":{"line":61,"column":27},"end":{"line":61,"column":28}},"loc":{"start":{"line":61,"column":34},"end":{"line":66,"column":21}}}},"branchMap":{"0":{"loc":{"start":{"line":39,"column":12},"end":{"line":49,"column":null}},"type":"switch","locations":[{"start":{"line":39,"column":12},"end":{"line":49,"column":null}}]}},"s":{"0":2,"1":2,"2":2,"3":2,"4":52,"5":52,"6":52,"7":104,"8":52,"9":0,"10":0,"11":0,"12":2,"13":2,"14":2,"15":4,"16":2,"17":0,"18":2,"19":0,"20":0,"21":0,"22":0,"23":0,"24":0,"25":0,"26":2,"27":2},"f":{"0":56,"1":52,"2":52,"3":52,"4":52,"5":0,"6":2,"7":2,"8":2,"9":2,"10":0,"11":0,"12":0,"13":0,"14":0,"15":0},"b":{"0":[2]}}
,"/home/rodcordeiro/projetos/ticketsController/backend/src/Services/Contact.ts": {"path":"/home/rodcordeiro/projetos/ticketsController/backend/src/Services/Contact.ts","statementMap":{"0":{"start":{"line":1,"column":0},"end":{"line":1,"column":47}},"1":{"start":{"line":2,"column":0},"end":{"line":2,"column":33}},"2":{"start":{"line":3,"column":0},"end":{"line":3,"column":46}},"3":{"start":{"line":13,"column":0},"end":{"line":13,"column":null}},"4":{"start":{"line":14,"column":10},"end":{"line":29,"column":null}},"5":{"start":{"line":15,"column":8},"end":{"line":28,"column":null}},"6":{"start":{"line":15,"column":48},"end":{"line":28,"column":10}},"7":{"start":{"line":17,"column":16},"end":{"line":24,"column":null}},"8":{"start":{"line":20,"column":24},"end":{"line":20,"column":null}},"9":{"start":{"line":23,"column":24},"end":{"line":23,"column":null}},"10":{"start":{"line":26,"column":16},"end":{"line":26,"column":null}},"11":{"start":{"line":30,"column":10},"end":{"line":74,"column":null}},"12":{"start":{"line":31,"column":8},"end":{"line":73,"column":null}},"13":{"start":{"line":31,"column":48},"end":{"line":73,"column":10}},"14":{"start":{"line":32,"column":29},"end":{"line":40,"column":null}},"15":{"start":{"line":35,"column":20},"end":{"line":35,"column":null}},"16":{"start":{"line":38,"column":20},"end":{"line":38,"column":null}},"17":{"start":{"line":39,"column":20},"end":{"line":39,"column":null}},"18":{"start":{"line":32,"column":18},"end":{"line":40,"column":null}},"19":{"start":{"line":41,"column":28},"end":{"line":48,"column":null}},"20":{"start":{"line":43,"column":20},"end":{"line":43,"column":null}},"21":{"start":{"line":44,"column":20},"end":{"line":44,"column":null}},"22":{"start":{"line":47,"column":20},"end":{"line":47,"column":26}},"23":{"start":{"line":41,"column":18},"end":{"line":48,"column":null}},"24":{"start":{"line":49,"column":12},"end":{"line":49,"column":46}},"25":{"start":{"line":49,"column":39},"end":{"line":49,"column":46}},"26":{"start":{"line":50,"column":18},"end":{"line":50,"column":null}},"27":{"start":{"line":51,"column":12},"end":{"line":71,"column":null}},"28":{"start":{"line":60,"column":20},"end":{"line":64,"column":null}},"29":{"start":{"line":67,"column":20},"end":{"line":70,"column":null}},"30":{"start":{"line":75,"column":10},"end":{"line":102,"column":null}},"31":{"start":{"line":76,"column":8},"end":{"line":101,"column":null}},"32":{"start":{"line":76,"column":48},"end":{"line":101,"column":10}},"33":{"start":{"line":78,"column":16},"end":{"line":93,"column":null}},"34":{"start":{"line":82,"column":24},"end":{"line":86,"column":null}},"35":{"start":{"line":83,"column":27},"end":{"line":83,"column":null}},"36":{"start":{"line":85,"column":28},"end":{"line":85,"column":null}},"37":{"start":{"line":89,"column":24},"end":{"line":92,"column":null}},"38":{"start":{"line":95,"column":16},"end":{"line":98,"column":null}},"39":{"start":{"line":103,"column":10},"end":{"line":130,"column":null}},"40":{"start":{"line":104,"column":8},"end":{"line":129,"column":null}},"41":{"start":{"line":104,"column":48},"end":{"line":129,"column":10}},"42":{"start":{"line":106,"column":16},"end":{"line":121,"column":null}},"43":{"start":{"line":110,"column":24},"end":{"line":114,"column":null}},"44":{"start":{"line":111,"column":27},"end":{"line":111,"column":null}},"45":{"start":{"line":113,"column":28},"end":{"line":113,"column":null}},"46":{"start":{"line":117,"column":24},"end":{"line":120,"column":null}},"47":{"start":{"line":123,"column":16},"end":{"line":126,"column":null}},"48":{"start":{"line":131,"column":0},"end":{"line":131,"column":null}},"49":{"start":{"line":135,"column":4},"end":{"line":135,"column":19}}},"fnMap":{"0":{"name":"(anonymous_14)","decl":{"start":{"line":13,"column":0},"end":{"line":13,"column":null}},"loc":{"start":{"line":13,"column":0},"end":{"line":131,"column":null}}},"1":{"name":"(anonymous_16)","decl":{"start":{"line":14,"column":4},"end":{"line":14,"column":10}},"loc":{"start":{"line":14,"column":4},"end":{"line":29,"column":null}}},"2":{"name":"(anonymous_19)","decl":{"start":{"line":15,"column":27},"end":{"line":15,"column":34}},"loc":{"start":{"line":15,"column":48},"end":{"line":28,"column":10}}},"3":{"name":"(anonymous_20)","decl":{"start":{"line":15,"column":48},"end":{"line":15,"column":null}},"loc":{"start":{"line":15,"column":48},"end":{"line":28,"column":10}}},"4":{"name":"(anonymous_22)","decl":{"start":{"line":19,"column":26},"end":{"line":19,"column":27}},"loc":{"start":{"line":19,"column":52},"end":{"line":21,"column":21}}},"5":{"name":"(anonymous_23)","decl":{"start":{"line":22,"column":27},"end":{"line":22,"column":28}},"loc":{"start":{"line":22,"column":33},"end":{"line":24,"column":21}}},"6":{"name":"(anonymous_24)","decl":{"start":{"line":30,"column":4},"end":{"line":30,"column":10}},"loc":{"start":{"line":30,"column":72},"end":{"line":74,"column":null}}},"7":{"name":"(anonymous_27)","decl":{"start":{"line":31,"column":27},"end":{"line":31,"column":34}},"loc":{"start":{"line":31,"column":48},"end":{"line":73,"column":10}}},"8":{"name":"(anonymous_28)","decl":{"start":{"line":31,"column":48},"end":{"line":31,"column":null}},"loc":{"start":{"line":31,"column":48},"end":{"line":73,"column":10}}},"9":{"name":"(anonymous_30)","decl":{"start":{"line":34,"column":23},"end":{"line":34,"column":31}},"loc":{"start":{"line":34,"column":31},"end":{"line":36,"column":17}}},"10":{"name":"(anonymous_31)","decl":{"start":{"line":37,"column":23},"end":{"line":37,"column":24}},"loc":{"start":{"line":37,"column":29},"end":{"line":40,"column":17}}},"11":{"name":"(anonymous_32)","decl":{"start":{"line":42,"column":23},"end":{"line":42,"column":31}},"loc":{"start":{"line":42,"column":31},"end":{"line":45,"column":17}}},"12":{"name":"(anonymous_33)","decl":{"start":{"line":46,"column":23},"end":{"line":46,"column":24}},"loc":{"start":{"line":46,"column":29},"end":{"line":48,"column":17}}},"13":{"name":"(anonymous_34)","decl":{"start":{"line":59,"column":22},"end":{"line":59,"column":23}},"loc":{"start":{"line":59,"column":35},"end":{"line":65,"column":17}}},"14":{"name":"(anonymous_35)","decl":{"start":{"line":66,"column":23},"end":{"line":66,"column":24}},"loc":{"start":{"line":66,"column":33},"end":{"line":71,"column":17}}},"15":{"name":"(anonymous_36)","decl":{"start":{"line":75,"column":4},"end":{"line":75,"column":10}},"loc":{"start":{"line":75,"column":37},"end":{"line":102,"column":null}}},"16":{"name":"(anonymous_39)","decl":{"start":{"line":76,"column":27},"end":{"line":76,"column":34}},"loc":{"start":{"line":76,"column":48},"end":{"line":101,"column":10}}},"17":{"name":"(anonymous_40)","decl":{"start":{"line":76,"column":48},"end":{"line":76,"column":null}},"loc":{"start":{"line":76,"column":48},"end":{"line":101,"column":10}}},"18":{"name":"(anonymous_42)","decl":{"start":{"line":81,"column":26},"end":{"line":81,"column":27}},"loc":{"start":{"line":81,"column":40},"end":{"line":87,"column":21}}},"19":{"name":"(anonymous_43)","decl":{"start":{"line":88,"column":27},"end":{"line":88,"column":28}},"loc":{"start":{"line":88,"column":37},"end":{"line":93,"column":21}}},"20":{"name":"(anonymous_44)","decl":{"start":{"line":103,"column":4},"end":{"line":103,"column":10}},"loc":{"start":{"line":103,"column":35},"end":{"line":130,"column":null}}},"21":{"name":"(anonymous_47)","decl":{"start":{"line":104,"column":27},"end":{"line":104,"column":34}},"loc":{"start":{"line":104,"column":48},"end":{"line":129,"column":10}}},"22":{"name":"(anonymous_48)","decl":{"start":{"line":104,"column":48},"end":{"line":104,"column":null}},"loc":{"start":{"line":104,"column":48},"end":{"line":129,"column":10}}},"23":{"name":"(anonymous_50)","decl":{"start":{"line":109,"column":26},"end":{"line":109,"column":27}},"loc":{"start":{"line":109,"column":40},"end":{"line":115,"column":21}}},"24":{"name":"(anonymous_51)","decl":{"start":{"line":116,"column":27},"end":{"line":116,"column":28}},"loc":{"start":{"line":116,"column":37},"end":{"line":121,"column":21}}}},"branchMap":{"0":{"loc":{"start":{"line":32,"column":29},"end":{"line":40,"column":null}},"type":"switch","locations":[{"start":{"line":32,"column":29},"end":{"line":40,"column":null}}]},"1":{"loc":{"start":{"line":49,"column":12},"end":{"line":49,"column":46}},"type":"if","locations":[{"start":{"line":49,"column":12},"end":{"line":49,"column":46}},{"start":{"line":49,"column":12},"end":{"line":49,"column":46}}]},"2":{"loc":{"start":{"line":49,"column":16},"end":{"line":49,"column":23}},"type":"binary-expr","locations":[{"start":{"line":49,"column":16},"end":{"line":49,"column":23}},{"start":{"line":49,"column":27},"end":{"line":49,"column":36}}]},"3":{"loc":{"start":{"line":82,"column":24},"end":{"line":86,"column":null}},"type":"if","locations":[{"start":{"line":82,"column":24},"end":{"line":86,"column":null}},{"start":{"line":82,"column":24},"end":{"line":86,"column":null}}]},"4":{"loc":{"start":{"line":110,"column":24},"end":{"line":114,"column":null}},"type":"if","locations":[{"start":{"line":110,"column":24},"end":{"line":114,"column":null}},{"start":{"line":110,"column":24},"end":{"line":114,"column":null}}]}},"s":{"0":2,"1":2,"2":2,"3":2,"4":2,"5":0,"6":0,"7":0,"8":0,"9":0,"10":0,"11":2,"12":0,"13":0,"14":0,"15":0,"16":0,"17":0,"18":0,"19":0,"20":0,"21":0,"22":0,"23":0,"24":0,"25":0,"26":0,"27":0,"28":0,"29":0,"30":2,"31":0,"32":0,"33":0,"34":0,"35":0,"36":0,"37":0,"38":0,"39":2,"40":0,"41":0,"42":0,"43":0,"44":0,"45":0,"46":0,"47":0,"48":2,"49":2},"f":{"0":2,"1":0,"2":0,"3":0,"4":0,"5":0,"6":0,"7":0,"8":0,"9":0,"10":0,"11":0,"12":0,"13":0,"14":0,"15":0,"16":0,"17":0,"18":0,"19":0,"20":0,"21":0,"22":0,"23":0,"24":0},"b":{"0":[0],"1":[0,0],"2":[0,0],"3":[0,0],"4":[0,0]}}
,"/home/rodcordeiro/projetos/ticketsController/backend/src/Services/Location.ts": {"path":"/home/rodcordeiro/projetos/ticketsController/backend/src/Services/Location.ts","statementMap":{"0":{"start":{"line":1,"column":0},"end":{"line":1,"column":34}},"1":{"start":{"line":2,"column":0},"end":{"line":2,"column":46}},"2":{"start":{"line":4,"column":0},"end":{"line":4,"column":43}},"3":{"start":{"line":17,"column":0},"end":{"line":17,"column":null}},"4":{"start":{"line":18,"column":10},"end":{"line":40,"column":null}},"5":{"start":{"line":19,"column":8},"end":{"line":39,"column":null}},"6":{"start":{"line":19,"column":48},"end":{"line":39,"column":10}},"7":{"start":{"line":21,"column":16},"end":{"line":31,"column":null}},"8":{"start":{"line":24,"column":24},"end":{"line":24,"column":null}},"9":{"start":{"line":27,"column":24},"end":{"line":30,"column":null}},"10":{"start":{"line":33,"column":16},"end":{"line":36,"column":null}},"11":{"start":{"line":37,"column":16},"end":{"line":37,"column":null}},"12":{"start":{"line":41,"column":10},"end":{"line":84,"column":null}},"13":{"start":{"line":42,"column":8},"end":{"line":82,"column":null}},"14":{"start":{"line":42,"column":48},"end":{"line":82,"column":10}},"15":{"start":{"line":44,"column":22},"end":{"line":44,"column":null}},"16":{"start":{"line":45,"column":31},"end":{"line":54,"column":null}},"17":{"start":{"line":47,"column":24},"end":{"line":47,"column":40}},"18":{"start":{"line":50,"column":24},"end":{"line":53,"column":null}},"19":{"start":{"line":45,"column":22},"end":{"line":54,"column":null}},"20":{"start":{"line":56,"column":22},"end":{"line":56,"column":38}},"21":{"start":{"line":57,"column":16},"end":{"line":73,"column":null}},"22":{"start":{"line":60,"column":24},"end":{"line":66,"column":null}},"23":{"start":{"line":69,"column":24},"end":{"line":72,"column":null}},"24":{"start":{"line":76,"column":16},"end":{"line":79,"column":null}},"25":{"start":{"line":80,"column":16},"end":{"line":80,"column":null}},"26":{"start":{"line":85,"column":10},"end":{"line":108,"column":null}},"27":{"start":{"line":86,"column":8},"end":{"line":107,"column":null}},"28":{"start":{"line":86,"column":49},"end":{"line":107,"column":10}},"29":{"start":{"line":88,"column":16},"end":{"line":100,"column":null}},"30":{"start":{"line":93,"column":24},"end":{"line":93,"column":null}},"31":{"start":{"line":96,"column":24},"end":{"line":99,"column":null}},"32":{"start":{"line":102,"column":16},"end":{"line":105,"column":null}},"33":{"start":{"line":109,"column":10},"end":{"line":136,"column":null}},"34":{"start":{"line":110,"column":8},"end":{"line":135,"column":null}},"35":{"start":{"line":110,"column":48},"end":{"line":135,"column":10}},"36":{"start":{"line":112,"column":16},"end":{"line":127,"column":null}},"37":{"start":{"line":116,"column":24},"end":{"line":120,"column":null}},"38":{"start":{"line":117,"column":27},"end":{"line":117,"column":null}},"39":{"start":{"line":119,"column":28},"end":{"line":119,"column":null}},"40":{"start":{"line":123,"column":24},"end":{"line":126,"column":null}},"41":{"start":{"line":129,"column":16},"end":{"line":132,"column":null}},"42":{"start":{"line":137,"column":0},"end":{"line":137,"column":null}},"43":{"start":{"line":140,"column":4},"end":{"line":140,"column":20}}},"fnMap":{"0":{"name":"(anonymous_14)","decl":{"start":{"line":17,"column":0},"end":{"line":17,"column":null}},"loc":{"start":{"line":17,"column":0},"end":{"line":137,"column":null}}},"1":{"name":"(anonymous_16)","decl":{"start":{"line":18,"column":4},"end":{"line":18,"column":10}},"loc":{"start":{"line":18,"column":4},"end":{"line":40,"column":null}}},"2":{"name":"(anonymous_19)","decl":{"start":{"line":19,"column":27},"end":{"line":19,"column":34}},"loc":{"start":{"line":19,"column":48},"end":{"line":39,"column":10}}},"3":{"name":"(anonymous_20)","decl":{"start":{"line":19,"column":48},"end":{"line":19,"column":null}},"loc":{"start":{"line":19,"column":48},"end":{"line":39,"column":10}}},"4":{"name":"(anonymous_22)","decl":{"start":{"line":23,"column":26},"end":{"line":23,"column":27}},"loc":{"start":{"line":23,"column":53},"end":{"line":25,"column":21}}},"5":{"name":"(anonymous_23)","decl":{"start":{"line":26,"column":27},"end":{"line":26,"column":28}},"loc":{"start":{"line":26,"column":38},"end":{"line":31,"column":21}}},"6":{"name":"(anonymous_24)","decl":{"start":{"line":41,"column":4},"end":{"line":41,"column":10}},"loc":{"start":{"line":41,"column":94},"end":{"line":84,"column":null}}},"7":{"name":"(anonymous_27)","decl":{"start":{"line":42,"column":27},"end":{"line":42,"column":34}},"loc":{"start":{"line":42,"column":48},"end":{"line":82,"column":10}}},"8":{"name":"(anonymous_28)","decl":{"start":{"line":42,"column":48},"end":{"line":42,"column":null}},"loc":{"start":{"line":42,"column":48},"end":{"line":82,"column":10}}},"9":{"name":"(anonymous_30)","decl":{"start":{"line":46,"column":26},"end":{"line":46,"column":27}},"loc":{"start":{"line":46,"column":35},"end":{"line":48,"column":21}}},"10":{"name":"(anonymous_31)","decl":{"start":{"line":49,"column":27},"end":{"line":49,"column":28}},"loc":{"start":{"line":49,"column":33},"end":{"line":54,"column":21}}},"11":{"name":"(anonymous_32)","decl":{"start":{"line":59,"column":26},"end":{"line":59,"column":27}},"loc":{"start":{"line":59,"column":40},"end":{"line":67,"column":21}}},"12":{"name":"(anonymous_33)","decl":{"start":{"line":68,"column":27},"end":{"line":68,"column":28}},"loc":{"start":{"line":68,"column":38},"end":{"line":73,"column":21}}},"13":{"name":"(anonymous_34)","decl":{"start":{"line":85,"column":4},"end":{"line":85,"column":10}},"loc":{"start":{"line":85,"column":31},"end":{"line":108,"column":null}}},"14":{"name":"(anonymous_37)","decl":{"start":{"line":86,"column":28},"end":{"line":86,"column":35}},"loc":{"start":{"line":86,"column":49},"end":{"line":107,"column":10}}},"15":{"name":"(anonymous_38)","decl":{"start":{"line":86,"column":49},"end":{"line":86,"column":null}},"loc":{"start":{"line":86,"column":49},"end":{"line":107,"column":10}}},"16":{"name":"(anonymous_40)","decl":{"start":{"line":92,"column":26},"end":{"line":92,"column":27}},"loc":{"start":{"line":92,"column":50},"end":{"line":94,"column":21}}},"17":{"name":"(anonymous_41)","decl":{"start":{"line":95,"column":27},"end":{"line":95,"column":28}},"loc":{"start":{"line":95,"column":48},"end":{"line":100,"column":21}}},"18":{"name":"(anonymous_42)","decl":{"start":{"line":109,"column":4},"end":{"line":109,"column":10}},"loc":{"start":{"line":109,"column":33},"end":{"line":136,"column":null}}},"19":{"name":"(anonymous_45)","decl":{"start":{"line":110,"column":27},"end":{"line":110,"column":34}},"loc":{"start":{"line":110,"column":48},"end":{"line":135,"column":10}}},"20":{"name":"(anonymous_46)","decl":{"start":{"line":110,"column":48},"end":{"line":110,"column":null}},"loc":{"start":{"line":110,"column":48},"end":{"line":135,"column":10}}},"21":{"name":"(anonymous_48)","decl":{"start":{"line":115,"column":26},"end":{"line":115,"column":27}},"loc":{"start":{"line":115,"column":40},"end":{"line":121,"column":21}}},"22":{"name":"(anonymous_49)","decl":{"start":{"line":122,"column":27},"end":{"line":122,"column":28}},"loc":{"start":{"line":122,"column":37},"end":{"line":127,"column":21}}}},"branchMap":{"0":{"loc":{"start":{"line":116,"column":24},"end":{"line":120,"column":null}},"type":"if","locations":[{"start":{"line":116,"column":24},"end":{"line":120,"column":null}},{"start":{"line":116,"column":24},"end":{"line":120,"column":null}}]}},"s":{"0":2,"1":2,"2":2,"3":2,"4":2,"5":0,"6":0,"7":0,"8":0,"9":0,"10":0,"11":0,"12":2,"13":0,"14":0,"15":0,"16":0,"17":0,"18":0,"19":0,"20":0,"21":0,"22":0,"23":0,"24":0,"25":0,"26":2,"27":0,"28":0,"29":0,"30":0,"31":0,"32":0,"33":2,"34":0,"35":0,"36":0,"37":0,"38":0,"39":0,"40":0,"41":0,"42":2,"43":2},"f":{"0":2,"1":0,"2":0,"3":0,"4":0,"5":0,"6":0,"7":0,"8":0,"9":0,"10":0,"11":0,"12":0,"13":0,"14":0,"15":0,"16":0,"17":0,"18":0,"19":0,"20":0,"21":0,"22":0},"b":{"0":[0,0]}}
,"/home/rodcordeiro/projetos/ticketsController/backend/src/Services/Users.ts": {"path":"/home/rodcordeiro/projetos/ticketsController/backend/src/Services/Users.ts","statementMap":{"0":{"start":{"line":1,"column":0},"end":{"line":1,"column":47}},"1":{"start":{"line":2,"column":0},"end":{"line":2,"column":31}},"2":{"start":{"line":3,"column":0},"end":{"line":3,"column":35}},"3":{"start":{"line":4,"column":0},"end":{"line":4,"column":34}},"4":{"start":{"line":6,"column":14},"end":{"line":6,"column":25}},"5":{"start":{"line":8,"column":15},"end":{"line":8,"column":49}},"6":{"start":{"line":19,"column":0},"end":{"line":19,"column":null}},"7":{"start":{"line":20,"column":10},"end":{"line":41,"column":null}},"8":{"start":{"line":21,"column":8},"end":{"line":40,"column":null}},"9":{"start":{"line":21,"column":49},"end":{"line":40,"column":10}},"10":{"start":{"line":22,"column":12},"end":{"line":39,"column":null}},"11":{"start":{"line":32,"column":20},"end":{"line":32,"column":null}},"12":{"start":{"line":35,"column":20},"end":{"line":38,"column":null}},"13":{"start":{"line":42,"column":10},"end":{"line":84,"column":null}},"14":{"start":{"line":43,"column":8},"end":{"line":83,"column":null}},"15":{"start":{"line":43,"column":48},"end":{"line":83,"column":10}},"16":{"start":{"line":44,"column":25},"end":{"line":54,"column":null}},"17":{"start":{"line":46,"column":20},"end":{"line":49,"column":null}},"18":{"start":{"line":50,"column":20},"end":{"line":50,"column":null}},"19":{"start":{"line":53,"column":20},"end":{"line":53,"column":null}},"20":{"start":{"line":44,"column":18},"end":{"line":54,"column":null}},"21":{"start":{"line":55,"column":12},"end":{"line":55,"column":66}},"22":{"start":{"line":55,"column":22},"end":{"line":55,"column":66}},"23":{"start":{"line":56,"column":23},"end":{"line":65,"column":null}},"24":{"start":{"line":58,"column":20},"end":{"line":58,"column":null}},"25":{"start":{"line":61,"column":20},"end":{"line":64,"column":null}},"26":{"start":{"line":56,"column":12},"end":{"line":65,"column":null}},"27":{"start":{"line":66,"column":18},"end":{"line":66,"column":null}},"28":{"start":{"line":67,"column":12},"end":{"line":82,"column":null}},"29":{"start":{"line":70,"column":20},"end":{"line":74,"column":null}},"30":{"start":{"line":77,"column":20},"end":{"line":77,"column":null}},"31":{"start":{"line":78,"column":20},"end":{"line":81,"column":null}},"32":{"start":{"line":85,"column":10},"end":{"line":108,"column":null}},"33":{"start":{"line":86,"column":8},"end":{"line":107,"column":null}},"34":{"start":{"line":86,"column":48},"end":{"line":107,"column":10}},"35":{"start":{"line":88,"column":16},"end":{"line":100,"column":null}},"36":{"start":{"line":93,"column":24},"end":{"line":93,"column":null}},"37":{"start":{"line":96,"column":24},"end":{"line":99,"column":null}},"38":{"start":{"line":102,"column":16},"end":{"line":105,"column":null}},"39":{"start":{"line":109,"column":10},"end":{"line":140,"column":null}},"40":{"start":{"line":110,"column":8},"end":{"line":139,"column":null}},"41":{"start":{"line":110,"column":49},"end":{"line":139,"column":10}},"42":{"start":{"line":112,"column":29},"end":{"line":118,"column":null}},"43":{"start":{"line":114,"column":24},"end":{"line":114,"column":null}},"44":{"start":{"line":117,"column":25},"end":{"line":117,"column":null}},"45":{"start":{"line":112,"column":22},"end":{"line":118,"column":null}},"46":{"start":{"line":119,"column":16},"end":{"line":119,"column":33}},"47":{"start":{"line":119,"column":26},"end":{"line":119,"column":33}},"48":{"start":{"line":121,"column":33},"end":{"line":131,"column":null}},"49":{"start":{"line":122,"column":41},"end":{"line":125,"column":23}},"50":{"start":{"line":123,"column":38},"end":{"line":123,"column":null}},"51":{"start":{"line":123,"column":30},"end":{"line":123,"column":null}},"52":{"start":{"line":124,"column":24},"end":{"line":124,"column":null}},"53":{"start":{"line":127,"column":25},"end":{"line":130,"column":null}},"54":{"start":{"line":121,"column":22},"end":{"line":131,"column":null}},"55":{"start":{"line":134,"column":16},"end":{"line":137,"column":null}},"56":{"start":{"line":142,"column":18},"end":{"line":144,"column":null}},"57":{"start":{"line":143,"column":8},"end":{"line":143,"column":67}},"58":{"start":{"line":145,"column":10},"end":{"line":173,"column":null}},"59":{"start":{"line":146,"column":8},"end":{"line":172,"column":null}},"60":{"start":{"line":146,"column":48},"end":{"line":172,"column":10}},"61":{"start":{"line":148,"column":16},"end":{"line":164,"column":null}},"62":{"start":{"line":153,"column":24},"end":{"line":157,"column":null}},"63":{"start":{"line":154,"column":27},"end":{"line":154,"column":null}},"64":{"start":{"line":156,"column":28},"end":{"line":156,"column":null}},"65":{"start":{"line":160,"column":24},"end":{"line":163,"column":null}},"66":{"start":{"line":166,"column":16},"end":{"line":169,"column":null}},"67":{"start":{"line":174,"column":10},"end":{"line":199,"column":null}},"68":{"start":{"line":175,"column":8},"end":{"line":198,"column":null}},"69":{"start":{"line":175,"column":48},"end":{"line":198,"column":10}},"70":{"start":{"line":177,"column":16},"end":{"line":190,"column":null}},"71":{"start":{"line":182,"column":27},"end":{"line":182,"column":null}},"72":{"start":{"line":186,"column":24},"end":{"line":189,"column":null}},"73":{"start":{"line":192,"column":16},"end":{"line":195,"column":null}},"74":{"start":{"line":200,"column":0},"end":{"line":200,"column":null}},"75":{"start":{"line":204,"column":4},"end":{"line":204,"column":15}}},"fnMap":{"0":{"name":"(anonymous_14)","decl":{"start":{"line":19,"column":0},"end":{"line":19,"column":null}},"loc":{"start":{"line":19,"column":0},"end":{"line":200,"column":null}}},"1":{"name":"(anonymous_16)","decl":{"start":{"line":20,"column":4},"end":{"line":20,"column":10}},"loc":{"start":{"line":20,"column":4},"end":{"line":41,"column":null}}},"2":{"name":"(anonymous_19)","decl":{"start":{"line":21,"column":27},"end":{"line":21,"column":34}},"loc":{"start":{"line":21,"column":49},"end":{"line":40,"column":10}}},"3":{"name":"(anonymous_20)","decl":{"start":{"line":21,"column":49},"end":{"line":21,"column":null}},"loc":{"start":{"line":21,"column":49},"end":{"line":40,"column":10}}},"4":{"name":"(anonymous_22)","decl":{"start":{"line":31,"column":22},"end":{"line":31,"column":23}},"loc":{"start":{"line":31,"column":45},"end":{"line":33,"column":17}}},"5":{"name":"(anonymous_23)","decl":{"start":{"line":34,"column":23},"end":{"line":34,"column":24}},"loc":{"start":{"line":34,"column":33},"end":{"line":39,"column":17}}},"6":{"name":"(anonymous_24)","decl":{"start":{"line":42,"column":4},"end":{"line":42,"column":10}},"loc":{"start":{"line":42,"column":74},"end":{"line":84,"column":null}}},"7":{"name":"(anonymous_27)","decl":{"start":{"line":43,"column":27},"end":{"line":43,"column":34}},"loc":{"start":{"line":43,"column":48},"end":{"line":83,"column":10}}},"8":{"name":"(anonymous_28)","decl":{"start":{"line":43,"column":48},"end":{"line":43,"column":null}},"loc":{"start":{"line":43,"column":48},"end":{"line":83,"column":10}}},"9":{"name":"(anonymous_30)","decl":{"start":{"line":45,"column":22},"end":{"line":45,"column":30}},"loc":{"start":{"line":45,"column":30},"end":{"line":51,"column":17}}},"10":{"name":"(anonymous_31)","decl":{"start":{"line":52,"column":23},"end":{"line":52,"column":28}},"loc":{"start":{"line":52,"column":28},"end":{"line":54,"column":17}}},"11":{"name":"(anonymous_32)","decl":{"start":{"line":57,"column":22},"end":{"line":57,"column":26}},"loc":{"start":{"line":57,"column":26},"end":{"line":59,"column":17}}},"12":{"name":"(anonymous_33)","decl":{"start":{"line":60,"column":23},"end":{"line":60,"column":24}},"loc":{"start":{"line":60,"column":33},"end":{"line":65,"column":17}}},"13":{"name":"(anonymous_34)","decl":{"start":{"line":69,"column":22},"end":{"line":69,"column":23}},"loc":{"start":{"line":69,"column":36},"end":{"line":75,"column":17}}},"14":{"name":"(anonymous_35)","decl":{"start":{"line":76,"column":23},"end":{"line":76,"column":24}},"loc":{"start":{"line":76,"column":33},"end":{"line":82,"column":17}}},"15":{"name":"(anonymous_36)","decl":{"start":{"line":85,"column":4},"end":{"line":85,"column":10}},"loc":{"start":{"line":85,"column":32},"end":{"line":108,"column":null}}},"16":{"name":"(anonymous_39)","decl":{"start":{"line":86,"column":27},"end":{"line":86,"column":34}},"loc":{"start":{"line":86,"column":48},"end":{"line":107,"column":10}}},"17":{"name":"(anonymous_40)","decl":{"start":{"line":86,"column":48},"end":{"line":86,"column":null}},"loc":{"start":{"line":86,"column":48},"end":{"line":107,"column":10}}},"18":{"name":"(anonymous_42)","decl":{"start":{"line":92,"column":26},"end":{"line":92,"column":27}},"loc":{"start":{"line":92,"column":40},"end":{"line":94,"column":21}}},"19":{"name":"(anonymous_43)","decl":{"start":{"line":95,"column":27},"end":{"line":95,"column":28}},"loc":{"start":{"line":95,"column":37},"end":{"line":100,"column":21}}},"20":{"name":"(anonymous_44)","decl":{"start":{"line":109,"column":4},"end":{"line":109,"column":10}},"loc":{"start":{"line":109,"column":47},"end":{"line":140,"column":null}}},"21":{"name":"(anonymous_47)","decl":{"start":{"line":110,"column":27},"end":{"line":110,"column":34}},"loc":{"start":{"line":110,"column":49},"end":{"line":139,"column":10}}},"22":{"name":"(anonymous_48)","decl":{"start":{"line":110,"column":49},"end":{"line":110,"column":null}},"loc":{"start":{"line":110,"column":49},"end":{"line":139,"column":10}}},"23":{"name":"(anonymous_50)","decl":{"start":{"line":113,"column":26},"end":{"line":113,"column":27}},"loc":{"start":{"line":113,"column":42},"end":{"line":115,"column":22}}},"24":{"name":"(anonymous_51)","decl":{"start":{"line":116,"column":28},"end":{"line":116,"column":29}},"loc":{"start":{"line":116,"column":39},"end":{"line":118,"column":22}}},"25":{"name":"(anonymous_52)","decl":{"start":{"line":122,"column":27},"end":{"line":122,"column":33}},"loc":{"start":{"line":122,"column":41},"end":{"line":125,"column":23}}},"26":{"name":"(anonymous_53)","decl":{"start":{"line":122,"column":41},"end":{"line":122,"column":null}},"loc":{"start":{"line":122,"column":41},"end":{"line":125,"column":23}}},"27":{"name":"(anonymous_55)","decl":{"start":{"line":126,"column":28},"end":{"line":126,"column":33}},"loc":{"start":{"line":126,"column":33},"end":{"line":131,"column":22}}},"28":{"name":"(anonymous_56)","decl":{"start":{"line":142,"column":4},"end":{"line":142,"column":18}},"loc":{"start":{"line":142,"column":47},"end":{"line":144,"column":null}}},"29":{"name":"(anonymous_59)","decl":{"start":{"line":145,"column":4},"end":{"line":145,"column":10}},"loc":{"start":{"line":145,"column":37},"end":{"line":173,"column":null}}},"30":{"name":"(anonymous_62)","decl":{"start":{"line":146,"column":27},"end":{"line":146,"column":34}},"loc":{"start":{"line":146,"column":48},"end":{"line":172,"column":10}}},"31":{"name":"(anonymous_63)","decl":{"start":{"line":146,"column":48},"end":{"line":146,"column":null}},"loc":{"start":{"line":146,"column":48},"end":{"line":172,"column":10}}},"32":{"name":"(anonymous_65)","decl":{"start":{"line":152,"column":26},"end":{"line":152,"column":27}},"loc":{"start":{"line":152,"column":40},"end":{"line":158,"column":21}}},"33":{"name":"(anonymous_66)","decl":{"start":{"line":159,"column":27},"end":{"line":159,"column":28}},"loc":{"start":{"line":159,"column":37},"end":{"line":164,"column":21}}},"34":{"name":"(anonymous_67)","decl":{"start":{"line":174,"column":4},"end":{"line":174,"column":10}},"loc":{"start":{"line":174,"column":35},"end":{"line":199,"column":null}}},"35":{"name":"(anonymous_70)","decl":{"start":{"line":175,"column":27},"end":{"line":175,"column":34}},"loc":{"start":{"line":175,"column":48},"end":{"line":198,"column":10}}},"36":{"name":"(anonymous_71)","decl":{"start":{"line":175,"column":48},"end":{"line":175,"column":null}},"loc":{"start":{"line":175,"column":48},"end":{"line":198,"column":10}}},"37":{"name":"(anonymous_73)","decl":{"start":{"line":181,"column":26},"end":{"line":181,"column":27}},"loc":{"start":{"line":181,"column":40},"end":{"line":184,"column":21}}},"38":{"name":"(anonymous_74)","decl":{"start":{"line":185,"column":27},"end":{"line":185,"column":28}},"loc":{"start":{"line":185,"column":37},"end":{"line":190,"column":21}}}},"branchMap":{"0":{"loc":{"start":{"line":8,"column":15},"end":{"line":8,"column":37}},"type":"binary-expr","locations":[{"start":{"line":8,"column":15},"end":{"line":8,"column":37}},{"start":{"line":8,"column":41},"end":{"line":8,"column":49}}]},"1":{"loc":{"start":{"line":22,"column":12},"end":{"line":39,"column":null}},"type":"switch","locations":[{"start":{"line":22,"column":12},"end":{"line":39,"column":null}}]},"2":{"loc":{"start":{"line":44,"column":25},"end":{"line":54,"column":null}},"type":"switch","locations":[{"start":{"line":44,"column":25},"end":{"line":54,"column":null}}]},"3":{"loc":{"start":{"line":55,"column":12},"end":{"line":55,"column":66}},"type":"if","locations":[{"start":{"line":55,"column":12},"end":{"line":55,"column":66}},{"start":{"line":55,"column":12},"end":{"line":55,"column":66}}]},"4":{"loc":{"start":{"line":119,"column":16},"end":{"line":119,"column":33}},"type":"if","locations":[{"start":{"line":119,"column":16},"end":{"line":119,"column":33}},{"start":{"line":119,"column":16},"end":{"line":119,"column":33}}]},"5":{"loc":{"start":{"line":123,"column":38},"end":{"line":123,"column":null}},"type":"switch","locations":[{"start":{"line":123,"column":38},"end":{"line":123,"column":null}}]},"6":{"loc":{"start":{"line":153,"column":24},"end":{"line":157,"column":null}},"type":"if","locations":[{"start":{"line":153,"column":24},"end":{"line":157,"column":null}},{"start":{"line":153,"column":24},"end":{"line":157,"column":null}}]}},"s":{"0":2,"1":2,"2":2,"3":2,"4":2,"5":2,"6":2,"7":2,"8":0,"9":0,"10":0,"11":0,"12":0,"13":2,"14":0,"15":0,"16":0,"17":0,"18":0,"19":0,"20":0,"21":0,"22":0,"23":0,"24":0,"25":0,"26":0,"27":0,"28":0,"29":0,"30":0,"31":0,"32":2,"33":0,"34":0,"35":0,"36":0,"37":0,"38":0,"39":2,"40":0,"41":0,"42":0,"43":0,"44":0,"45":0,"46":0,"47":0,"48":0,"49":0,"50":0,"51":0,"52":0,"53":0,"54":0,"55":0,"56":2,"57":0,"58":2,"59":0,"60":0,"61":0,"62":0,"63":0,"64":0,"65":0,"66":0,"67":2,"68":0,"69":0,"70":0,"71":0,"72":0,"73":0,"74":2,"75":2},"f":{"0":2,"1":0,"2":0,"3":0,"4":0,"5":0,"6":0,"7":0,"8":0,"9":0,"10":0,"11":0,"12":0,"13":0,"14":0,"15":0,"16":0,"17":0,"18":0,"19":0,"20":0,"21":0,"22":0,"23":0,"24":0,"25":0,"26":0,"27":0,"28":0,"29":0,"30":0,"31":0,"32":0,"33":0,"34":0,"35":0,"36":0,"37":0,"38":0},"b":{"0":[2,0],"1":[0],"2":[0],"3":[0,0],"4":[0,0],"5":[0],"6":[0,0]}}
,"/home/rodcordeiro/projetos/ticketsController/backend/src/Utils/cript.ts": {"path":"/home/rodcordeiro/projetos/ticketsController/backend/src/Utils/cript.ts","statementMap":{"0":{"start":{"line":1,"column":0},"end":{"line":1,"column":38}},"1":{"start":{"line":3,"column":0},"end":{"line":3,"column":null}},"2":{"start":{"line":7,"column":8},"end":{"line":7,"column":null}},"3":{"start":{"line":9,"column":10},"end":{"line":16,"column":null}},"4":{"start":{"line":10,"column":15},"end":{"line":15,"column":null}},"5":{"start":{"line":11,"column":12},"end":{"line":11,"column":null}},"6":{"start":{"line":14,"column":12},"end":{"line":14,"column":null}},"7":{"start":{"line":10,"column":8},"end":{"line":15,"column":null}},"8":{"start":{"line":17,"column":10},"end":{"line":24,"column":null}},"9":{"start":{"line":18,"column":19},"end":{"line":18,"column":null}},"10":{"start":{"line":18,"column":8},"end":{"line":18,"column":null}},"11":{"start":{"line":20,"column":15},"end":{"line":20,"column":null}},"12":{"start":{"line":20,"column":8},"end":{"line":20,"column":null}},"13":{"start":{"line":26,"column":0},"end":{"line":26,"column":null}}},"fnMap":{"0":{"name":"(anonymous_13)","decl":{"start":{"line":3,"column":0},"end":{"line":3,"column":null}},"loc":{"start":{"line":3,"column":0},"end":{"line":26,"column":null}}},"1":{"name":"Cript","decl":{"start":{"line":6,"column":4},"end":{"line":6,"column":null}},"loc":{"start":{"line":6,"column":4},"end":{"line":8,"column":5}}},"2":{"name":"(anonymous_15)","decl":{"start":{"line":9,"column":4},"end":{"line":9,"column":10}},"loc":{"start":{"line":9,"column":31},"end":{"line":16,"column":null}}},"3":{"name":"(anonymous_18)","decl":{"start":{"line":10,"column":51},"end":{"line":10,"column":55}},"loc":{"start":{"line":10,"column":55},"end":{"line":12,"column":9}}},"4":{"name":"(anonymous_19)","decl":{"start":{"line":13,"column":15},"end":{"line":13,"column":18}},"loc":{"start":{"line":13,"column":18},"end":{"line":15,"column":9}}},"5":{"name":"(anonymous_20)","decl":{"start":{"line":17,"column":4},"end":{"line":17,"column":10}},"loc":{"start":{"line":17,"column":47},"end":{"line":24,"column":null}}}},"branchMap":{"0":{"loc":{"start":{"line":10,"column":15},"end":{"line":15,"column":null}},"type":"switch","locations":[{"start":{"line":10,"column":15},"end":{"line":15,"column":null}},{"start":{"line":10,"column":8},"end":{"line":15,"column":null}}]},"1":{"loc":{"start":{"line":18,"column":19},"end":{"line":18,"column":null}},"type":"switch","locations":[{"start":{"line":18,"column":19},"end":{"line":18,"column":null}},{"start":{"line":20,"column":8},"end":{"line":20,"column":null}}]}},"s":{"0":2,"1":2,"2":2,"3":2,"4":0,"5":0,"6":0,"7":0,"8":2,"9":0,"10":0,"11":0,"12":0,"13":2},"f":{"0":2,"1":2,"2":0,"3":0,"4":0,"5":0},"b":{"0":[0,0],"1":[0,0]}}
,"/home/rodcordeiro/projetos/ticketsController/backend/src/controllers/UsersController.ts": {"path":"/home/rodcordeiro/projetos/ticketsController/backend/src/controllers/UsersController.ts","statementMap":{"0":{"start":{"line":1,"column":0},"end":{"line":1,"column":55}},"1":{"start":{"line":4,"column":0},"end":{"line":4,"column":null}},"2":{"start":{"line":5,"column":10},"end":{"line":14,"column":null}},"3":{"start":{"line":6,"column":14},"end":{"line":6,"column":43}},"4":{"start":{"line":7,"column":8},"end":{"line":13,"column":null}},"5":{"start":{"line":9,"column":16},"end":{"line":9,"column":54}},"6":{"start":{"line":12,"column":16},"end":{"line":12,"column":null}},"7":{"start":{"line":15,"column":10},"end":{"line":25,"column":null}},"8":{"start":{"line":16,"column":14},"end":{"line":16,"column":43}},"9":{"start":{"line":17,"column":14},"end":{"line":17,"column":49}},"10":{"start":{"line":18,"column":8},"end":{"line":24,"column":null}},"11":{"start":{"line":20,"column":16},"end":{"line":20,"column":null}},"12":{"start":{"line":23,"column":16},"end":{"line":23,"column":null}},"13":{"start":{"line":26,"column":10},"end":{"line":37,"column":null}},"14":{"start":{"line":27,"column":14},"end":{"line":27,"column":43}},"15":{"start":{"line":28,"column":15},"end":{"line":28,"column":21}},"16":{"start":{"line":30,"column":8},"end":{"line":36,"column":null}},"17":{"start":{"line":32,"column":16},"end":{"line":32,"column":null}},"18":{"start":{"line":35,"column":16},"end":{"line":35,"column":null}},"19":{"start":{"line":38,"column":10},"end":{"line":48,"column":null}},"20":{"start":{"line":39,"column":14},"end":{"line":39,"column":43}},"21":{"start":{"line":40,"column":14},"end":{"line":40,"column":36}},"22":{"start":{"line":41,"column":8},"end":{"line":47,"column":null}},"23":{"start":{"line":43,"column":16},"end":{"line":43,"column":null}},"24":{"start":{"line":46,"column":16},"end":{"line":46,"column":null}},"25":{"start":{"line":49,"column":0},"end":{"line":49,"column":null}},"26":{"start":{"line":52,"column":4},"end":{"line":52,"column":18}}},"fnMap":{"0":{"name":"(anonymous_13)","decl":{"start":{"line":4,"column":0},"end":{"line":4,"column":null}},"loc":{"start":{"line":4,"column":0},"end":{"line":49,"column":null}}},"1":{"name":"(anonymous_15)","decl":{"start":{"line":5,"column":4},"end":{"line":5,"column":10}},"loc":{"start":{"line":5,"column":43},"end":{"line":14,"column":null}}},"2":{"name":"(anonymous_18)","decl":{"start":{"line":8,"column":18},"end":{"line":8,"column":19}},"loc":{"start":{"line":8,"column":27},"end":{"line":10,"column":13}}},"3":{"name":"(anonymous_19)","decl":{"start":{"line":11,"column":19},"end":{"line":11,"column":20}},"loc":{"start":{"line":11,"column":23},"end":{"line":13,"column":13}}},"4":{"name":"(anonymous_20)","decl":{"start":{"line":15,"column":4},"end":{"line":15,"column":10}},"loc":{"start":{"line":15,"column":44},"end":{"line":25,"column":null}}},"5":{"name":"(anonymous_23)","decl":{"start":{"line":19,"column":18},"end":{"line":19,"column":26}},"loc":{"start":{"line":19,"column":26},"end":{"line":21,"column":13}}},"6":{"name":"(anonymous_24)","decl":{"start":{"line":22,"column":19},"end":{"line":22,"column":20}},"loc":{"start":{"line":22,"column":23},"end":{"line":24,"column":13}}},"7":{"name":"(anonymous_25)","decl":{"start":{"line":26,"column":4},"end":{"line":26,"column":10}},"loc":{"start":{"line":26,"column":44},"end":{"line":37,"column":null}}},"8":{"name":"(anonymous_28)","decl":{"start":{"line":31,"column":18},"end":{"line":31,"column":26}},"loc":{"start":{"line":31,"column":26},"end":{"line":33,"column":13}}},"9":{"name":"(anonymous_29)","decl":{"start":{"line":34,"column":19},"end":{"line":34,"column":20}},"loc":{"start":{"line":34,"column":23},"end":{"line":36,"column":13}}},"10":{"name":"(anonymous_30)","decl":{"start":{"line":38,"column":4},"end":{"line":38,"column":10}},"loc":{"start":{"line":38,"column":43},"end":{"line":48,"column":null}}},"11":{"name":"(anonymous_33)","decl":{"start":{"line":42,"column":18},"end":{"line":42,"column":26}},"loc":{"start":{"line":42,"column":26},"end":{"line":44,"column":13}}},"12":{"name":"(anonymous_34)","decl":{"start":{"line":45,"column":19},"end":{"line":45,"column":20}},"loc":{"start":{"line":45,"column":23},"end":{"line":47,"column":13}}}},"branchMap":{},"s":{"0":2,"1":2,"2":2,"3":0,"4":0,"5":0,"6":0,"7":2,"8":0,"9":0,"10":0,"11":0,"12":0,"13":2,"14":0,"15":0,"16":0,"17":0,"18":0,"19":2,"20":0,"21":0,"22":0,"23":0,"24":0,"25":2,"26":2},"f":{"0":4,"1":0,"2":0,"3":0,"4":0,"5":0,"6":0,"7":0,"8":0,"9":0,"10":0,"11":0,"12":0},"b":{}}
,"/home/rodcordeiro/projetos/ticketsController/backend/src/controllers/clientController.ts": {"path":"/home/rodcordeiro/projetos/ticketsController/backend/src/controllers/clientController.ts","statementMap":{"0":{"start":{"line":2,"column":0},"end":{"line":2,"column":62}},"1":{"start":{"line":4,"column":0},"end":{"line":4,"column":null}},"2":{"start":{"line":5,"column":10},"end":{"line":14,"column":null}},"3":{"start":{"line":6,"column":14},"end":{"line":6,"column":46}},"4":{"start":{"line":7,"column":8},"end":{"line":13,"column":null}},"5":{"start":{"line":9,"column":16},"end":{"line":9,"column":null}},"6":{"start":{"line":12,"column":16},"end":{"line":12,"column":null}},"7":{"start":{"line":15,"column":10},"end":{"line":28,"column":null}},"8":{"start":{"line":16,"column":14},"end":{"line":16,"column":46}},"9":{"start":{"line":17,"column":14},"end":{"line":17,"column":35}},"10":{"start":{"line":18,"column":8},"end":{"line":20,"column":null}},"11":{"start":{"line":19,"column":12},"end":{"line":19,"column":null}},"12":{"start":{"line":21,"column":8},"end":{"line":27,"column":null}},"13":{"start":{"line":23,"column":16},"end":{"line":23,"column":null}},"14":{"start":{"line":26,"column":16},"end":{"line":26,"column":null}},"15":{"start":{"line":29,"column":10},"end":{"line":40,"column":null}},"16":{"start":{"line":30,"column":14},"end":{"line":30,"column":46}},"17":{"start":{"line":31,"column":16},"end":{"line":31,"column":23}},"18":{"start":{"line":33,"column":8},"end":{"line":39,"column":null}},"19":{"start":{"line":35,"column":16},"end":{"line":35,"column":null}},"20":{"start":{"line":38,"column":16},"end":{"line":38,"column":null}},"21":{"start":{"line":41,"column":0},"end":{"line":41,"column":null}},"22":{"start":{"line":43,"column":4},"end":{"line":43,"column":20}}},"fnMap":{"0":{"name":"(anonymous_13)","decl":{"start":{"line":4,"column":0},"end":{"line":4,"column":null}},"loc":{"start":{"line":4,"column":0},"end":{"line":41,"column":null}}},"1":{"name":"(anonymous_15)","decl":{"start":{"line":5,"column":4},"end":{"line":5,"column":10}},"loc":{"start":{"line":5,"column":43},"end":{"line":14,"column":null}}},"2":{"name":"(anonymous_18)","decl":{"start":{"line":8,"column":18},"end":{"line":8,"column":19}},"loc":{"start":{"line":8,"column":32},"end":{"line":10,"column":13}}},"3":{"name":"(anonymous_19)","decl":{"start":{"line":11,"column":19},"end":{"line":11,"column":24}},"loc":{"start":{"line":11,"column":24},"end":{"line":13,"column":13}}},"4":{"name":"(anonymous_20)","decl":{"start":{"line":15,"column":4},"end":{"line":15,"column":10}},"loc":{"start":{"line":15,"column":44},"end":{"line":28,"column":null}}},"5":{"name":"(anonymous_23)","decl":{"start":{"line":22,"column":18},"end":{"line":22,"column":19}},"loc":{"start":{"line":22,"column":32},"end":{"line":24,"column":13}}},"6":{"name":"(anonymous_24)","decl":{"start":{"line":25,"column":19},"end":{"line":25,"column":24}},"loc":{"start":{"line":25,"column":24},"end":{"line":27,"column":13}}},"7":{"name":"(anonymous_25)","decl":{"start":{"line":29,"column":4},"end":{"line":29,"column":10}},"loc":{"start":{"line":29,"column":44},"end":{"line":40,"column":null}}},"8":{"name":"(anonymous_28)","decl":{"start":{"line":34,"column":18},"end":{"line":34,"column":26}},"loc":{"start":{"line":34,"column":26},"end":{"line":36,"column":13}}},"9":{"name":"(anonymous_29)","decl":{"start":{"line":37,"column":19},"end":{"line":37,"column":24}},"loc":{"start":{"line":37,"column":24},"end":{"line":39,"column":13}}}},"branchMap":{"0":{"loc":{"start":{"line":18,"column":8},"end":{"line":20,"column":null}},"type":"if","locations":[{"start":{"line":18,"column":8},"end":{"line":20,"column":null}},{"start":{"line":18,"column":8},"end":{"line":20,"column":null}}]}},"s":{"0":2,"1":2,"2":2,"3":0,"4":0,"5":0,"6":0,"7":2,"8":0,"9":0,"10":0,"11":0,"12":0,"13":0,"14":0,"15":2,"16":0,"17":0,"18":0,"19":0,"20":0,"21":2,"22":2},"f":{"0":4,"1":0,"2":0,"3":0,"4":0,"5":0,"6":0,"7":0,"8":0,"9":0},"b":{"0":[0,0]}}
,"/home/rodcordeiro/projetos/ticketsController/backend/src/controllers/companyController.ts": {"path":"/home/rodcordeiro/projetos/ticketsController/backend/src/controllers/companyController.ts","statementMap":{"0":{"start":{"line":2,"column":0},"end":{"line":2,"column":61}},"1":{"start":{"line":4,"column":0},"end":{"line":4,"column":null}},"2":{"start":{"line":5,"column":10},"end":{"line":14,"column":null}},"3":{"start":{"line":6,"column":14},"end":{"line":6,"column":null}},"4":{"start":{"line":7,"column":8},"end":{"line":13,"column":null}},"5":{"start":{"line":9,"column":16},"end":{"line":9,"column":null}},"6":{"start":{"line":12,"column":16},"end":{"line":12,"column":null}},"7":{"start":{"line":15,"column":10},"end":{"line":25,"column":null}},"8":{"start":{"line":16,"column":14},"end":{"line":16,"column":null}},"9":{"start":{"line":17,"column":14},"end":{"line":17,"column":35}},"10":{"start":{"line":18,"column":8},"end":{"line":24,"column":null}},"11":{"start":{"line":20,"column":16},"end":{"line":20,"column":null}},"12":{"start":{"line":23,"column":16},"end":{"line":23,"column":null}},"13":{"start":{"line":26,"column":10},"end":{"line":37,"column":null}},"14":{"start":{"line":27,"column":14},"end":{"line":27,"column":null}},"15":{"start":{"line":28,"column":16},"end":{"line":28,"column":23}},"16":{"start":{"line":29,"column":8},"end":{"line":29,"column":null}},"17":{"start":{"line":29,"column":17},"end":{"line":29,"column":null}},"18":{"start":{"line":30,"column":8},"end":{"line":36,"column":null}},"19":{"start":{"line":32,"column":16},"end":{"line":32,"column":null}},"20":{"start":{"line":35,"column":16},"end":{"line":35,"column":null}},"21":{"start":{"line":38,"column":0},"end":{"line":38,"column":null}},"22":{"start":{"line":41,"column":4},"end":{"line":41,"column":23}}},"fnMap":{"0":{"name":"(anonymous_13)","decl":{"start":{"line":4,"column":0},"end":{"line":4,"column":null}},"loc":{"start":{"line":4,"column":0},"end":{"line":38,"column":null}}},"1":{"name":"(anonymous_15)","decl":{"start":{"line":5,"column":4},"end":{"line":5,"column":10}},"loc":{"start":{"line":5,"column":43},"end":{"line":14,"column":null}}},"2":{"name":"(anonymous_18)","decl":{"start":{"line":8,"column":18},"end":{"line":8,"column":19}},"loc":{"start":{"line":8,"column":32},"end":{"line":10,"column":13}}},"3":{"name":"(anonymous_19)","decl":{"start":{"line":11,"column":19},"end":{"line":11,"column":20}},"loc":{"start":{"line":11,"column":30},"end":{"line":13,"column":13}}},"4":{"name":"(anonymous_20)","decl":{"start":{"line":15,"column":4},"end":{"line":15,"column":10}},"loc":{"start":{"line":15,"column":44},"end":{"line":25,"column":null}}},"5":{"name":"(anonymous_23)","decl":{"start":{"line":19,"column":18},"end":{"line":19,"column":19}},"loc":{"start":{"line":19,"column":33},"end":{"line":21,"column":13}}},"6":{"name":"(anonymous_24)","decl":{"start":{"line":22,"column":19},"end":{"line":22,"column":20}},"loc":{"start":{"line":22,"column":20},"end":{"line":24,"column":13}}},"7":{"name":"(anonymous_25)","decl":{"start":{"line":26,"column":4},"end":{"line":26,"column":10}},"loc":{"start":{"line":26,"column":44},"end":{"line":37,"column":null}}},"8":{"name":"(anonymous_28)","decl":{"start":{"line":31,"column":18},"end":{"line":31,"column":19}},"loc":{"start":{"line":31,"column":32},"end":{"line":33,"column":13}}},"9":{"name":"(anonymous_29)","decl":{"start":{"line":34,"column":19},"end":{"line":34,"column":20}},"loc":{"start":{"line":34,"column":20},"end":{"line":36,"column":13}}}},"branchMap":{"0":{"loc":{"start":{"line":29,"column":8},"end":{"line":29,"column":null}},"type":"if","locations":[{"start":{"line":29,"column":8},"end":{"line":29,"column":null}},{"start":{"line":29,"column":8},"end":{"line":29,"column":null}}]}},"s":{"0":2,"1":2,"2":2,"3":2,"4":4,"5":2,"6":0,"7":2,"8":52,"9":52,"10":104,"11":52,"12":0,"13":2,"14":0,"15":0,"16":0,"17":0,"18":0,"19":0,"20":0,"21":2,"22":2},"f":{"0":4,"1":2,"2":2,"3":0,"4":52,"5":52,"6":0,"7":0,"8":0,"9":0},"b":{"0":[0,0]}}
,"/home/rodcordeiro/projetos/ticketsController/backend/src/controllers/contactController.ts": {"path":"/home/rodcordeiro/projetos/ticketsController/backend/src/controllers/contactController.ts","statementMap":{"0":{"start":{"line":2,"column":0},"end":{"line":2,"column":64}},"1":{"start":{"line":4,"column":0},"end":{"line":4,"column":null}},"2":{"start":{"line":5,"column":10},"end":{"line":14,"column":null}},"3":{"start":{"line":6,"column":14},"end":{"line":6,"column":null}},"4":{"start":{"line":7,"column":8},"end":{"line":13,"column":null}},"5":{"start":{"line":9,"column":16},"end":{"line":9,"column":null}},"6":{"start":{"line":12,"column":16},"end":{"line":12,"column":null}},"7":{"start":{"line":15,"column":10},"end":{"line":27,"column":null}},"8":{"start":{"line":16,"column":14},"end":{"line":16,"column":null}},"9":{"start":{"line":17,"column":14},"end":{"line":17,"column":52}},"10":{"start":{"line":19,"column":8},"end":{"line":25,"column":null}},"11":{"start":{"line":21,"column":16},"end":{"line":21,"column":null}},"12":{"start":{"line":24,"column":16},"end":{"line":24,"column":null}},"13":{"start":{"line":28,"column":0},"end":{"line":28,"column":null}},"14":{"start":{"line":31,"column":4},"end":{"line":31,"column":21}}},"fnMap":{"0":{"name":"(anonymous_13)","decl":{"start":{"line":4,"column":0},"end":{"line":4,"column":null}},"loc":{"start":{"line":4,"column":0},"end":{"line":28,"column":null}}},"1":{"name":"(anonymous_15)","decl":{"start":{"line":5,"column":4},"end":{"line":5,"column":10}},"loc":{"start":{"line":5,"column":43},"end":{"line":14,"column":null}}},"2":{"name":"(anonymous_18)","decl":{"start":{"line":8,"column":18},"end":{"line":8,"column":26}},"loc":{"start":{"line":8,"column":26},"end":{"line":10,"column":13}}},"3":{"name":"(anonymous_19)","decl":{"start":{"line":11,"column":19},"end":{"line":11,"column":24}},"loc":{"start":{"line":11,"column":24},"end":{"line":13,"column":13}}},"4":{"name":"(anonymous_20)","decl":{"start":{"line":15,"column":4},"end":{"line":15,"column":10}},"loc":{"start":{"line":15,"column":44},"end":{"line":27,"column":null}}},"5":{"name":"(anonymous_23)","decl":{"start":{"line":20,"column":18},"end":{"line":20,"column":26}},"loc":{"start":{"line":20,"column":26},"end":{"line":22,"column":13}}},"6":{"name":"(anonymous_24)","decl":{"start":{"line":23,"column":19},"end":{"line":23,"column":24}},"loc":{"start":{"line":23,"column":24},"end":{"line":25,"column":13}}}},"branchMap":{},"s":{"0":2,"1":2,"2":2,"3":0,"4":0,"5":0,"6":0,"7":2,"8":0,"9":0,"10":0,"11":0,"12":0,"13":2,"14":2},"f":{"0":4,"1":0,"2":0,"3":0,"4":0,"5":0,"6":0},"b":{}}
,"/home/rodcordeiro/projetos/ticketsController/backend/src/controllers/locationController.ts": {"path":"/home/rodcordeiro/projetos/ticketsController/backend/src/controllers/locationController.ts","statementMap":{"0":{"start":{"line":2,"column":0},"end":{"line":2,"column":66}},"1":{"start":{"line":4,"column":0},"end":{"line":4,"column":null}},"2":{"start":{"line":5,"column":10},"end":{"line":14,"column":null}},"3":{"start":{"line":6,"column":14},"end":{"line":6,"column":null}},"4":{"start":{"line":7,"column":8},"end":{"line":13,"column":null}},"5":{"start":{"line":9,"column":16},"end":{"line":9,"column":null}},"6":{"start":{"line":12,"column":16},"end":{"line":12,"column":null}},"7":{"start":{"line":15,"column":10},"end":{"line":30,"column":null}},"8":{"start":{"line":16,"column":14},"end":{"line":16,"column":null}},"9":{"start":{"line":17,"column":14},"end":{"line":17,"column":56}},"10":{"start":{"line":18,"column":8},"end":{"line":18,"column":99}},"11":{"start":{"line":18,"column":18},"end":{"line":18,"column":99}},"12":{"start":{"line":19,"column":8},"end":{"line":19,"column":101}},"13":{"start":{"line":19,"column":21},"end":{"line":19,"column":101}},"14":{"start":{"line":20,"column":8},"end":{"line":20,"column":96}},"15":{"start":{"line":20,"column":18},"end":{"line":20,"column":96}},"16":{"start":{"line":21,"column":8},"end":{"line":21,"column":98}},"17":{"start":{"line":21,"column":19},"end":{"line":21,"column":98}},"18":{"start":{"line":22,"column":8},"end":{"line":22,"column":102}},"19":{"start":{"line":22,"column":23},"end":{"line":22,"column":102}},"20":{"start":{"line":23,"column":8},"end":{"line":29,"column":null}},"21":{"start":{"line":25,"column":16},"end":{"line":25,"column":null}},"22":{"start":{"line":28,"column":16},"end":{"line":28,"column":null}},"23":{"start":{"line":31,"column":10},"end":{"line":41,"column":null}},"24":{"start":{"line":32,"column":14},"end":{"line":32,"column":48}},"25":{"start":{"line":33,"column":15},"end":{"line":33,"column":25}},"26":{"start":{"line":34,"column":8},"end":{"line":40,"column":null}},"27":{"start":{"line":36,"column":12},"end":{"line":36,"column":null}},"28":{"start":{"line":39,"column":12},"end":{"line":39,"column":null}},"29":{"start":{"line":42,"column":0},"end":{"line":42,"column":null}},"30":{"start":{"line":44,"column":4},"end":{"line":44,"column":22}}},"fnMap":{"0":{"name":"(anonymous_13)","decl":{"start":{"line":4,"column":0},"end":{"line":4,"column":null}},"loc":{"start":{"line":4,"column":0},"end":{"line":42,"column":null}}},"1":{"name":"(anonymous_15)","decl":{"start":{"line":5,"column":4},"end":{"line":5,"column":10}},"loc":{"start":{"line":5,"column":43},"end":{"line":14,"column":null}}},"2":{"name":"(anonymous_18)","decl":{"start":{"line":8,"column":18},"end":{"line":8,"column":26}},"loc":{"start":{"line":8,"column":26},"end":{"line":10,"column":13}}},"3":{"name":"(anonymous_19)","decl":{"start":{"line":11,"column":19},"end":{"line":11,"column":24}},"loc":{"start":{"line":11,"column":24},"end":{"line":13,"column":13}}},"4":{"name":"(anonymous_20)","decl":{"start":{"line":15,"column":4},"end":{"line":15,"column":10}},"loc":{"start":{"line":15,"column":44},"end":{"line":30,"column":null}}},"5":{"name":"(anonymous_23)","decl":{"start":{"line":24,"column":18},"end":{"line":24,"column":26}},"loc":{"start":{"line":24,"column":26},"end":{"line":26,"column":13}}},"6":{"name":"(anonymous_24)","decl":{"start":{"line":27,"column":19},"end":{"line":27,"column":24}},"loc":{"start":{"line":27,"column":24},"end":{"line":29,"column":13}}},"7":{"name":"(anonymous_25)","decl":{"start":{"line":31,"column":4},"end":{"line":31,"column":10}},"loc":{"start":{"line":31,"column":44},"end":{"line":41,"column":null}}},"8":{"name":"(anonymous_28)","decl":{"start":{"line":35,"column":14},"end":{"line":35,"column":22}},"loc":{"start":{"line":35,"column":22},"end":{"line":37,"column":9}}},"9":{"name":"(anonymous_29)","decl":{"start":{"line":38,"column":15},"end":{"line":38,"column":20}},"loc":{"start":{"line":38,"column":20},"end":{"line":40,"column":9}}}},"branchMap":{"0":{"loc":{"start":{"line":18,"column":8},"end":{"line":18,"column":99}},"type":"if","locations":[{"start":{"line":18,"column":8},"end":{"line":18,"column":99}},{"start":{"line":18,"column":8},"end":{"line":18,"column":99}}]},"1":{"loc":{"start":{"line":19,"column":8},"end":{"line":19,"column":101}},"type":"if","locations":[{"start":{"line":19,"column":8},"end":{"line":19,"column":101}},{"start":{"line":19,"column":8},"end":{"line":19,"column":101}}]},"2":{"loc":{"start":{"line":20,"column":8},"end":{"line":20,"column":96}},"type":"if","locations":[{"start":{"line":20,"column":8},"end":{"line":20,"column":96}},{"start":{"line":20,"column":8},"end":{"line":20,"column":96}}]},"3":{"loc":{"start":{"line":21,"column":8},"end":{"line":21,"column":98}},"type":"if","locations":[{"start":{"line":21,"column":8},"end":{"line":21,"column":98}},{"start":{"line":21,"column":8},"end":{"line":21,"column":98}}]},"4":{"loc":{"start":{"line":22,"column":8},"end":{"line":22,"column":102}},"type":"if","locations":[{"start":{"line":22,"column":8},"end":{"line":22,"column":102}},{"start":{"line":22,"column":8},"end":{"line":22,"column":102}}]}},"s":{"0":2,"1":2,"2":2,"3":0,"4":0,"5":0,"6":0,"7":2,"8":0,"9":0,"10":0,"11":0,"12":0,"13":0,"14":0,"15":0,"16":0,"17":0,"18":0,"19":0,"20":0,"21":0,"22":0,"23":2,"24":0,"25":0,"26":0,"27":0,"28":0,"29":2,"30":2},"f":{"0":4,"1":0,"2":0,"3":0,"4":0,"5":0,"6":0,"7":0,"8":0,"9":0},"b":{"0":[0,0],"1":[0,0],"2":[0,0],"3":[0,0],"4":[0,0]}}
,"/home/rodcordeiro/projetos/ticketsController/backend/src/database/conection.ts": {"path":"/home/rodcordeiro/projetos/ticketsController/backend/src/database/conection.ts","statementMap":{"0":{"start":{"line":1,"column":13},"end":{"line":1,"column":28}},"1":{"start":{"line":2,"column":22},"end":{"line":2,"column":47}},"2":{"start":{"line":3,"column":0},"end":{"line":3,"column":27}},"3":{"start":{"line":4,"column":0},"end":{"line":4,"column":null}},"4":{"start":{"line":6,"column":19},"end":{"line":6,"column":77}},"5":{"start":{"line":8,"column":0},"end":{"line":8,"column":26}}},"fnMap":{},"branchMap":{"0":{"loc":{"start":{"line":6,"column":38},"end":{"line":6,"column":58}},"type":"binary-expr","locations":[{"start":{"line":6,"column":38},"end":{"line":6,"column":58}},{"start":{"line":6,"column":62},"end":{"line":6,"column":75}}]}},"s":{"0":2,"1":2,"2":2,"3":2,"4":2,"5":2},"f":{},"b":{"0":[2,0]}}
,"/home/rodcordeiro/projetos/ticketsController/backend/src/database/migrations/20210227181437_create_techTable.js": {"path":"/home/rodcordeiro/projetos/ticketsController/backend/src/database/migrations/20210227181437_create_techTable.js","statementMap":{"0":{"start":{"line":2,"column":0},"end":{"line":16,"column":2}},"1":{"start":{"line":3,"column":2},"end":{"line":15,"column":4}},"2":{"start":{"line":4,"column":6},"end":{"line":4,"column":40}},"3":{"start":{"line":5,"column":6},"end":{"line":5,"column":41}},"4":{"start":{"line":6,"column":6},"end":{"line":6,"column":40}},"5":{"start":{"line":7,"column":6},"end":{"line":7,"column":39}},"6":{"start":{"line":8,"column":6},"end":{"line":8,"column":42}},"7":{"start":{"line":9,"column":6},"end":{"line":9,"column":42}},"8":{"start":{"line":10,"column":6},"end":{"line":10,"column":44}},"9":{"start":{"line":11,"column":6},"end":{"line":11,"column":41}},"10":{"start":{"line":12,"column":6},"end":{"line":12,"column":42}},"11":{"start":{"line":13,"column":6},"end":{"line":13,"column":44}},"12":{"start":{"line":14,"column":6},"end":{"line":14,"column":56}},"13":{"start":{"line":18,"column":0},"end":{"line":20,"column":2}},"14":{"start":{"line":19,"column":4},"end":{"line":19,"column":42}}},"fnMap":{"0":{"name":"(anonymous_0)","decl":{"start":{"line":2,"column":13},"end":{"line":2,"column":14}},"loc":{"start":{"line":2,"column":28},"end":{"line":16,"column":1}},"line":2},"1":{"name":"(anonymous_1)","decl":{"start":{"line":3,"column":41},"end":{"line":3,"column":42}},"loc":{"start":{"line":3,"column":50},"end":{"line":15,"column":3}},"line":3},"2":{"name":"(anonymous_2)","decl":{"start":{"line":18,"column":15},"end":{"line":18,"column":16}},"loc":{"start":{"line":18,"column":30},"end":{"line":20,"column":1}},"line":18}},"branchMap":{},"s":{"0":2,"1":2,"2":2,"3":2,"4":2,"5":2,"6":2,"7":2,"8":2,"9":2,"10":2,"11":2,"12":2,"13":2,"14":2},"f":{"0":2,"1":2,"2":2},"b":{},"inputSourceMap":null,"_coverageSchema":"1a1c01bbd47fc00a2c39e90264f33305004495a9","hash":"2690abbdbb688dc7d21f5913979a34f66bbaa159"}
,"/home/rodcordeiro/projetos/ticketsController/backend/src/database/migrations/20210719202417_create_usersTabler.js": {"path":"/home/rodcordeiro/projetos/ticketsController/backend/src/database/migrations/20210719202417_create_usersTabler.js","statementMap":{"0":{"start":{"line":2,"column":0},"end":{"line":12,"column":2}},"1":{"start":{"line":3,"column":2},"end":{"line":11,"column":4}},"2":{"start":{"line":4,"column":6},"end":{"line":4,"column":40}},"3":{"start":{"line":5,"column":6},"end":{"line":5,"column":41}},"4":{"start":{"line":6,"column":6},"end":{"line":6,"column":42}},"5":{"start":{"line":7,"column":6},"end":{"line":7,"column":45}},"6":{"start":{"line":8,"column":6},"end":{"line":8,"column":49}},"7":{"start":{"line":9,"column":6},"end":{"line":9,"column":61}},"8":{"start":{"line":10,"column":6},"end":{"line":10,"column":61}},"9":{"start":{"line":14,"column":0},"end":{"line":16,"column":2}},"10":{"start":{"line":15,"column":2},"end":{"line":15,"column":39}}},"fnMap":{"0":{"name":"(anonymous_0)","decl":{"start":{"line":2,"column":13},"end":{"line":2,"column":14}},"loc":{"start":{"line":2,"column":28},"end":{"line":12,"column":1}},"line":2},"1":{"name":"(anonymous_1)","decl":{"start":{"line":3,"column":41},"end":{"line":3,"column":42}},"loc":{"start":{"line":3,"column":50},"end":{"line":11,"column":3}},"line":3},"2":{"name":"(anonymous_2)","decl":{"start":{"line":14,"column":15},"end":{"line":14,"column":16}},"loc":{"start":{"line":14,"column":30},"end":{"line":16,"column":1}},"line":14}},"branchMap":{},"s":{"0":2,"1":2,"2":2,"3":2,"4":2,"5":2,"6":2,"7":2,"8":2,"9":2,"10":2},"f":{"0":2,"1":2,"2":2},"b":{},"inputSourceMap":null,"_coverageSchema":"1a1c01bbd47fc00a2c39e90264f33305004495a9","hash":"fa8ddb5f79e4a2cc774ea8875e38a14f9c7422bf"}
,"/home/rodcordeiro/projetos/ticketsController/backend/src/database/migrations/20210721162959_updateTable.js": {"path":"/home/rodcordeiro/projetos/ticketsController/backend/src/database/migrations/20210721162959_updateTable.js","statementMap":{"0":{"start":{"line":2,"column":0},"end":{"line":6,"column":2}},"1":{"start":{"line":3,"column":4},"end":{"line":5,"column":6}},"2":{"start":{"line":4,"column":8},"end":{"line":4,"column":49}},"3":{"start":{"line":8,"column":0},"end":{"line":12,"column":2}},"4":{"start":{"line":9,"column":4},"end":{"line":11,"column":6}},"5":{"start":{"line":10,"column":8},"end":{"line":10,"column":49}}},"fnMap":{"0":{"name":"(anonymous_0)","decl":{"start":{"line":2,"column":13},"end":{"line":2,"column":14}},"loc":{"start":{"line":2,"column":28},"end":{"line":6,"column":1}},"line":2},"1":{"name":"(anonymous_1)","decl":{"start":{"line":3,"column":37},"end":{"line":3,"column":38}},"loc":{"start":{"line":3,"column":46},"end":{"line":5,"column":5}},"line":3},"2":{"name":"(anonymous_2)","decl":{"start":{"line":8,"column":15},"end":{"line":8,"column":16}},"loc":{"start":{"line":8,"column":30},"end":{"line":12,"column":1}},"line":8},"3":{"name":"(anonymous_3)","decl":{"start":{"line":9,"column":37},"end":{"line":9,"column":38}},"loc":{"start":{"line":9,"column":46},"end":{"line":11,"column":5}},"line":9}},"branchMap":{},"s":{"0":2,"1":2,"2":2,"3":2,"4":2,"5":2},"f":{"0":2,"1":2,"2":2,"3":2},"b":{},"inputSourceMap":null,"_coverageSchema":"1a1c01bbd47fc00a2c39e90264f33305004495a9","hash":"c1036e2caba78c67cf7f16fa545628a2af6a7025"}
,"/home/rodcordeiro/projetos/ticketsController/backend/src/middlewares/auth.ts": {"path":"/home/rodcordeiro/projetos/ticketsController/backend/src/middlewares/auth.ts","statementMap":{"0":{"start":{"line":1,"column":0},"end":{"line":1,"column":31}},"1":{"start":{"line":4,"column":15},"end":{"line":4,"column":49}},"2":{"start":{"line":10,"column":0},"end":{"line":24,"column":null}},"3":{"start":{"line":12,"column":26},"end":{"line":12,"column":43}},"4":{"start":{"line":13,"column":8},"end":{"line":13,"column":null}},"5":{"start":{"line":15,"column":8},"end":{"line":15,"column":84}},"6":{"start":{"line":15,"column":18},"end":{"line":15,"column":84}},"7":{"start":{"line":17,"column":8},"end":{"line":22,"column":13}},"8":{"start":{"line":18,"column":12},"end":{"line":18,"column":91}},"9":{"start":{"line":18,"column":21},"end":{"line":18,"column":91}},"10":{"start":{"line":19,"column":12},"end":{"line":19,"column":40}},"11":{"start":{"line":20,"column":12},"end":{"line":20,"column":50}},"12":{"start":{"line":21,"column":12},"end":{"line":21,"column":19}}},"fnMap":{"0":{"name":"(anonymous_1)","decl":{"start":{"line":11,"column":4},"end":{"line":11,"column":12}},"loc":{"start":{"line":11,"column":60},"end":{"line":23,"column":5}}},"1":{"name":"(anonymous_2)","decl":{"start":{"line":17,"column":34},"end":{"line":17,"column":43}},"loc":{"start":{"line":17,"column":65},"end":{"line":22,"column":11}}}},"branchMap":{"0":{"loc":{"start":{"line":4,"column":15},"end":{"line":4,"column":37}},"type":"binary-expr","locations":[{"start":{"line":4,"column":15},"end":{"line":4,"column":37}},{"start":{"line":4,"column":41},"end":{"line":4,"column":49}}]},"1":{"loc":{"start":{"line":15,"column":8},"end":{"line":15,"column":84}},"type":"if","locations":[{"start":{"line":15,"column":8},"end":{"line":15,"column":84}},{"start":{"line":15,"column":8},"end":{"line":15,"column":84}}]},"2":{"loc":{"start":{"line":18,"column":12},"end":{"line":18,"column":91}},"type":"if","locations":[{"start":{"line":18,"column":12},"end":{"line":18,"column":91}},{"start":{"line":18,"column":12},"end":{"line":18,"column":91}}]}},"s":{"0":2,"1":2,"2":2,"3":0,"4":0,"5":0,"6":0,"7":0,"8":0,"9":0,"10":0,"11":0,"12":0},"f":{"0":0,"1":0},"b":{"0":[2,0],"1":[0,0],"2":[0,0]}}
,"/home/rodcordeiro/projetos/ticketsController/backend/tests/utils/uuidRegex.ts": {"path":"/home/rodcordeiro/projetos/ticketsController/backend/tests/utils/uuidRegex.ts","statementMap":{"0":{"start":{"line":2,"column":13},"end":{"line":2,"column":90}}},"fnMap":{},"branchMap":{},"s":{"0":2},"f":{},"b":{}}
}
