TN:
SF:knexfile.js
FNF:0
FNH:0
DA:3,2
LF:1
LH:1
BRF:0
BRH:0
end_of_record
TN:
SF:src/App.ts
FNF:0
FNH:0
DA:1,2
DA:2,2
DA:3,2
DA:4,2
DA:6,2
DA:8,2
DA:10,2
DA:11,2
DA:12,2
DA:16,2
LF:10
LH:10
BRF:0
BRH:0
end_of_record
TN:
SF:src/routes.ts
FN:17,(anonymous_1)
FNF:1
FNH:0
FNDA:0,(anonymous_1)
DA:1,2
DA:2,2
DA:3,2
DA:4,2
DA:5,2
DA:6,2
DA:7,2
DA:9,2
DA:11,2
DA:12,2
DA:13,2
DA:14,2
DA:15,2
DA:17,2
DA:18,0
DA:21,2
DA:22,2
DA:23,2
DA:25,2
DA:26,2
DA:27,2
DA:29,2
DA:30,2
DA:31,2
DA:33,2
DA:34,2
DA:36,2
DA:37,2
DA:38,2
DA:39,2
DA:43,2
LF:31
LH:30
BRF:0
BRH:0
end_of_record
TN:
SF:src/Services/Clients.ts
FN:11,(anonymous_14)
FN:12,(anonymous_16)
FN:13,(anonymous_19)
FN:13,(anonymous_20)
FN:20,(anonymous_22)
FN:23,(anonymous_23)
FN:43,(anonymous_24)
FN:45,(anonymous_25)
FN:60,(anonymous_26)
FN:61,(anonymous_29)
FN:61,(anonymous_30)
FN:65,(anonymous_32)
FN:68,(anonymous_33)
FN:82,(anonymous_34)
FN:83,(anonymous_37)
FN:83,(anonymous_38)
FN:89,(anonymous_40)
FN:92,(anonymous_41)
FN:106,(anonymous_42)
FN:107,(anonymous_45)
FN:107,(anonymous_46)
FN:112,(anonymous_48)
FN:119,(anonymous_49)
FNF:23
FNH:1
FNDA:2,(anonymous_14)
FNDA:0,(anonymous_16)
FNDA:0,(anonymous_19)
FNDA:0,(anonymous_20)
FNDA:0,(anonymous_22)
FNDA:0,(anonymous_23)
FNDA:0,(anonymous_24)
FNDA:0,(anonymous_25)
FNDA:0,(anonymous_26)
FNDA:0,(anonymous_29)
FNDA:0,(anonymous_30)
FNDA:0,(anonymous_32)
FNDA:0,(anonymous_33)
FNDA:0,(anonymous_34)
FNDA:0,(anonymous_37)
FNDA:0,(anonymous_38)
FNDA:0,(anonymous_40)
FNDA:0,(anonymous_41)
FNDA:0,(anonymous_42)
FNDA:0,(anonymous_45)
FNDA:0,(anonymous_46)
FNDA:0,(anonymous_48)
FNDA:0,(anonymous_49)
DA:1,2
DA:2,2
DA:11,2
DA:12,2
DA:13,0
DA:15,0
DA:16,0
DA:21,0
DA:24,0
DA:29,0
DA:30,0
DA:34,0
DA:36,0
DA:37,0
DA:44,0
DA:46,0
DA:53,0
DA:60,2
DA:61,0
DA:63,0
DA:66,0
DA:69,0
DA:75,0
DA:82,2
DA:83,0
DA:85,0
DA:90,0
DA:93,0
DA:99,0
DA:106,2
DA:107,0
DA:109,0
DA:113,0
DA:114,0
DA:116,0
DA:120,0
DA:123,0
DA:131,2
DA:135,2
LF:39
LH:9
BRDA:29,0,0,0
BRDA:29,0,1,0
BRDA:113,1,0,0
BRDA:113,1,1,0
BRF:4
BRH:0
end_of_record
TN:
SF:src/Services/Company.ts
FN:11,(anonymous_14)
FN:12,(anonymous_16)
FN:13,(anonymous_19)
FN:13,(anonymous_20)
FN:18,(anonymous_22)
FN:21,(anonymous_23)
FN:37,(anonymous_24)
FN:38,(anonymous_27)
FN:38,(anonymous_28)
FN:41,(anonymous_30)
FN:44,(anonymous_31)
FN:52,(anonymous_32)
FN:53,(anonymous_35)
FN:53,(anonymous_36)
FN:58,(anonymous_38)
FN:61,(anonymous_39)
FNF:16
FNH:9
FNDA:56,(anonymous_14)
FNDA:52,(anonymous_16)
FNDA:52,(anonymous_19)
FNDA:52,(anonymous_20)
FNDA:52,(anonymous_22)
FNDA:0,(anonymous_23)
FNDA:2,(anonymous_24)
FNDA:2,(anonymous_27)
FNDA:2,(anonymous_28)
FNDA:2,(anonymous_30)
FNDA:0,(anonymous_31)
FNDA:0,(anonymous_32)
FNDA:0,(anonymous_35)
FNDA:0,(anonymous_36)
FNDA:0,(anonymous_38)
FNDA:0,(anonymous_39)
DA:1,2
DA:2,2
DA:11,2
DA:12,2
DA:13,52
DA:15,52
DA:16,104
DA:19,52
DA:22,0
DA:28,0
DA:32,0
DA:37,2
DA:38,2
DA:39,4
DA:42,2
DA:45,0
DA:52,2
DA:53,0
DA:55,0
DA:59,0
DA:62,0
DA:68,0
DA:72,0
DA:76,2
DA:80,2
LF:25
LH:15
BRDA:39,0,0,2
BRF:1
BRH:1
end_of_record
TN:
SF:src/Services/Contact.ts
FN:13,(anonymous_14)
FN:14,(anonymous_16)
FN:15,(anonymous_19)
FN:15,(anonymous_20)
FN:19,(anonymous_22)
FN:22,(anonymous_23)
FN:30,(anonymous_24)
FN:31,(anonymous_27)
FN:31,(anonymous_28)
FN:34,(anonymous_30)
FN:37,(anonymous_31)
FN:42,(anonymous_32)
FN:46,(anonymous_33)
FN:59,(anonymous_34)
FN:66,(anonymous_35)
FN:75,(anonymous_36)
FN:76,(anonymous_39)
FN:76,(anonymous_40)
FN:81,(anonymous_42)
FN:88,(anonymous_43)
FN:103,(anonymous_44)
FN:104,(anonymous_47)
FN:104,(anonymous_48)
FN:109,(anonymous_50)
FN:116,(anonymous_51)
FNF:25
FNH:1
FNDA:2,(anonymous_14)
FNDA:0,(anonymous_16)
FNDA:0,(anonymous_19)
FNDA:0,(anonymous_20)
FNDA:0,(anonymous_22)
FNDA:0,(anonymous_23)
FNDA:0,(anonymous_24)
FNDA:0,(anonymous_27)
FNDA:0,(anonymous_28)
FNDA:0,(anonymous_30)
FNDA:0,(anonymous_31)
FNDA:0,(anonymous_32)
FNDA:0,(anonymous_33)
FNDA:0,(anonymous_34)
FNDA:0,(anonymous_35)
FNDA:0,(anonymous_36)
FNDA:0,(anonymous_39)
FNDA:0,(anonymous_40)
FNDA:0,(anonymous_42)
FNDA:0,(anonymous_43)
FNDA:0,(anonymous_44)
FNDA:0,(anonymous_47)
FNDA:0,(anonymous_48)
FNDA:0,(anonymous_50)
FNDA:0,(anonymous_51)
DA:1,2
DA:2,2
DA:3,2
DA:13,2
DA:14,2
DA:15,0
DA:17,0
DA:20,0
DA:23,0
DA:26,0
DA:30,2
DA:31,0
DA:32,0
DA:35,0
DA:38,0
DA:39,0
DA:41,0
DA:43,0
DA:44,0
DA:47,0
DA:49,0
DA:50,0
DA:51,0
DA:60,0
DA:67,0
DA:75,2
DA:76,0
DA:78,0
DA:82,0
DA:83,0
DA:85,0
DA:89,0
DA:95,0
DA:103,2
DA:104,0
DA:106,0
DA:110,0
DA:111,0
DA:113,0
DA:117,0
DA:123,0
DA:131,2
DA:135,2
LF:43
LH:10
BRDA:32,0,0,0
BRDA:49,1,0,0
BRDA:49,1,1,0
BRDA:49,2,0,0
BRDA:49,2,1,0
BRDA:82,3,0,0
BRDA:82,3,1,0
BRDA:110,4,0,0
BRDA:110,4,1,0
BRF:9
BRH:0
end_of_record
TN:
SF:src/Services/Location.ts
FN:17,(anonymous_14)
FN:18,(anonymous_16)
FN:19,(anonymous_19)
FN:19,(anonymous_20)
FN:23,(anonymous_22)
FN:26,(anonymous_23)
FN:41,(anonymous_24)
FN:42,(anonymous_27)
FN:42,(anonymous_28)
FN:46,(anonymous_30)
FN:49,(anonymous_31)
FN:59,(anonymous_32)
FN:68,(anonymous_33)
FN:85,(anonymous_34)
FN:86,(anonymous_37)
FN:86,(anonymous_38)
FN:92,(anonymous_40)
FN:95,(anonymous_41)
FN:109,(anonymous_42)
FN:110,(anonymous_45)
FN:110,(anonymous_46)
FN:115,(anonymous_48)
FN:122,(anonymous_49)
FNF:23
FNH:1
FNDA:2,(anonymous_14)
FNDA:0,(anonymous_16)
FNDA:0,(anonymous_19)
FNDA:0,(anonymous_20)
FNDA:0,(anonymous_22)
FNDA:0,(anonymous_23)
FNDA:0,(anonymous_24)
FNDA:0,(anonymous_27)
FNDA:0,(anonymous_28)
FNDA:0,(anonymous_30)
FNDA:0,(anonymous_31)
FNDA:0,(anonymous_32)
FNDA:0,(anonymous_33)
FNDA:0,(anonymous_34)
FNDA:0,(anonymous_37)
FNDA:0,(anonymous_38)
FNDA:0,(anonymous_40)
FNDA:0,(anonymous_41)
FNDA:0,(anonymous_42)
FNDA:0,(anonymous_45)
FNDA:0,(anonymous_46)
FNDA:0,(anonymous_48)
FNDA:0,(anonymous_49)
DA:1,2
DA:2,2
DA:4,2
DA:17,2
DA:18,2
DA:19,0
DA:21,0
DA:24,0
DA:27,0
DA:33,0
DA:37,0
DA:41,2
DA:42,0
DA:44,0
DA:45,0
DA:47,0
DA:50,0
DA:56,0
DA:57,0
DA:60,0
DA:69,0
DA:76,0
DA:80,0
DA:85,2
DA:86,0
DA:88,0
DA:93,0
DA:96,0
DA:102,0
DA:109,2
DA:110,0
DA:112,0
DA:116,0
DA:117,0
DA:119,0
DA:123,0
DA:129,0
DA:137,2
DA:140,2
LF:39
LH:10
BRDA:116,0,0,0
BRDA:116,0,1,0
BRF:2
BRH:0
end_of_record
TN:
SF:src/Services/Users.ts
FN:19,(anonymous_14)
FN:20,(anonymous_16)
FN:21,(anonymous_19)
FN:21,(anonymous_20)
FN:31,(anonymous_22)
FN:34,(anonymous_23)
FN:42,(anonymous_24)
FN:43,(anonymous_27)
FN:43,(anonymous_28)
FN:45,(anonymous_30)
FN:52,(anonymous_31)
FN:57,(anonymous_32)
FN:60,(anonymous_33)
FN:69,(anonymous_34)
FN:76,(anonymous_35)
FN:85,(anonymous_36)
FN:86,(anonymous_39)
FN:86,(anonymous_40)
FN:92,(anonymous_42)
FN:95,(anonymous_43)
FN:109,(anonymous_44)
FN:110,(anonymous_47)
FN:110,(anonymous_48)
FN:113,(anonymous_50)
FN:116,(anonymous_51)
FN:122,(anonymous_52)
FN:122,(anonymous_53)
FN:126,(anonymous_55)
FN:142,(anonymous_56)
FN:145,(anonymous_59)
FN:146,(anonymous_62)
FN:146,(anonymous_63)
FN:152,(anonymous_65)
FN:159,(anonymous_66)
FN:174,(anonymous_67)
FN:175,(anonymous_70)
FN:175,(anonymous_71)
FN:181,(anonymous_73)
FN:185,(anonymous_74)
FNF:39
FNH:1
FNDA:2,(anonymous_14)
FNDA:0,(anonymous_16)
FNDA:0,(anonymous_19)
FNDA:0,(anonymous_20)
FNDA:0,(anonymous_22)
FNDA:0,(anonymous_23)
FNDA:0,(anonymous_24)
FNDA:0,(anonymous_27)
FNDA:0,(anonymous_28)
FNDA:0,(anonymous_30)
FNDA:0,(anonymous_31)
FNDA:0,(anonymous_32)
FNDA:0,(anonymous_33)
FNDA:0,(anonymous_34)
FNDA:0,(anonymous_35)
FNDA:0,(anonymous_36)
FNDA:0,(anonymous_39)
FNDA:0,(anonymous_40)
FNDA:0,(anonymous_42)
FNDA:0,(anonymous_43)
FNDA:0,(anonymous_44)
FNDA:0,(anonymous_47)
FNDA:0,(anonymous_48)
FNDA:0,(anonymous_50)
FNDA:0,(anonymous_51)
FNDA:0,(anonymous_52)
FNDA:0,(anonymous_53)
FNDA:0,(anonymous_55)
FNDA:0,(anonymous_56)
FNDA:0,(anonymous_59)
FNDA:0,(anonymous_62)
FNDA:0,(anonymous_63)
FNDA:0,(anonymous_65)
FNDA:0,(anonymous_66)
FNDA:0,(anonymous_67)
FNDA:0,(anonymous_70)
FNDA:0,(anonymous_71)
FNDA:0,(anonymous_73)
FNDA:0,(anonymous_74)
DA:1,2
DA:2,2
DA:3,2
DA:4,2
DA:6,2
DA:8,2
DA:19,2
DA:20,2
DA:21,0
DA:22,0
DA:32,0
DA:35,0
DA:42,2
DA:43,0
DA:44,0
DA:46,0
DA:50,0
DA:53,0
DA:55,0
DA:56,0
DA:58,0
DA:61,0
DA:66,0
DA:67,0
DA:70,0
DA:77,0
DA:78,0
DA:85,2
DA:86,0
DA:88,0
DA:93,0
DA:96,0
DA:102,0
DA:109,2
DA:110,0
DA:112,0
DA:114,0
DA:117,0
DA:119,0
DA:121,0
DA:122,0
DA:123,0
DA:124,0
DA:127,0
DA:134,0
DA:142,2
DA:143,0
DA:145,2
DA:146,0
DA:148,0
DA:153,0
DA:154,0
DA:156,0
DA:160,0
DA:166,0
DA:174,2
DA:175,0
DA:177,0
DA:182,0
DA:186,0
DA:192,0
DA:200,2
DA:204,2
LF:63
LH:16
BRDA:8,0,0,2
BRDA:8,0,1,0
BRDA:22,1,0,0
BRDA:44,2,0,0
BRDA:55,3,0,0
BRDA:55,3,1,0
BRDA:119,4,0,0
BRDA:119,4,1,0
BRDA:123,5,0,0
BRDA:153,6,0,0
BRDA:153,6,1,0
BRF:11
BRH:1
end_of_record
TN:
SF:src/Utils/cript.ts
FN:3,(anonymous_13)
FN:6,Cript
FN:9,(anonymous_15)
FN:10,(anonymous_18)
FN:13,(anonymous_19)
FN:17,(anonymous_20)
FNF:6
FNH:2
FNDA:2,(anonymous_13)
FNDA:2,Cript
FNDA:0,(anonymous_15)
FNDA:0,(anonymous_18)
FNDA:0,(anonymous_19)
FNDA:0,(anonymous_20)
DA:1,2
DA:3,2
DA:7,2
DA:9,2
DA:10,0
DA:11,0
DA:14,0
DA:17,2
DA:18,0
DA:20,0
DA:26,2
LF:11
LH:6
BRDA:10,0,0,0
BRDA:10,0,1,0
BRDA:18,1,0,0
BRDA:18,1,1,0
BRF:4
BRH:0
end_of_record
TN:
SF:src/controllers/UsersController.ts
FN:4,(anonymous_13)
FN:5,(anonymous_15)
FN:8,(anonymous_18)
FN:11,(anonymous_19)
FN:15,(anonymous_20)
FN:19,(anonymous_23)
FN:22,(anonymous_24)
FN:26,(anonymous_25)
FN:31,(anonymous_28)
FN:34,(anonymous_29)
FN:38,(anonymous_30)
FN:42,(anonymous_33)
FN:45,(anonymous_34)
FNF:13
FNH:1
FNDA:4,(anonymous_13)
FNDA:0,(anonymous_15)
FNDA:0,(anonymous_18)
FNDA:0,(anonymous_19)
FNDA:0,(anonymous_20)
FNDA:0,(anonymous_23)
FNDA:0,(anonymous_24)
FNDA:0,(anonymous_25)
FNDA:0,(anonymous_28)
FNDA:0,(anonymous_29)
FNDA:0,(anonymous_30)
FNDA:0,(anonymous_33)
FNDA:0,(anonymous_34)
DA:1,2
DA:4,2
DA:5,2
DA:6,0
DA:7,0
DA:9,0
DA:12,0
DA:15,2
DA:16,0
DA:17,0
DA:18,0
DA:20,0
DA:23,0
DA:26,2
DA:27,0
DA:28,0
DA:30,0
DA:32,0
DA:35,0
DA:38,2
DA:39,0
DA:40,0
DA:41,0
DA:43,0
DA:46,0
DA:49,2
DA:52,2
LF:27
LH:8
BRF:0
BRH:0
end_of_record
TN:
SF:src/controllers/clientController.ts
FN:4,(anonymous_13)
FN:5,(anonymous_15)
FN:8,(anonymous_18)
FN:11,(anonymous_19)
FN:15,(anonymous_20)
FN:22,(anonymous_23)
FN:25,(anonymous_24)
FN:29,(anonymous_25)
FN:34,(anonymous_28)
FN:37,(anonymous_29)
FNF:10
FNH:1
FNDA:4,(anonymous_13)
FNDA:0,(anonymous_15)
FNDA:0,(anonymous_18)
FNDA:0,(anonymous_19)
FNDA:0,(anonymous_20)
FNDA:0,(anonymous_23)
FNDA:0,(anonymous_24)
FNDA:0,(anonymous_25)
FNDA:0,(anonymous_28)
FNDA:0,(anonymous_29)
DA:2,2
DA:4,2
DA:5,2
DA:6,0
DA:7,0
DA:9,0
DA:12,0
DA:15,2
DA:16,0
DA:17,0
DA:18,0
DA:19,0
DA:21,0
DA:23,0
DA:26,0
DA:29,2
DA:30,0
DA:31,0
DA:33,0
DA:35,0
DA:38,0
DA:41,2
DA:43,2
LF:23
LH:7
BRDA:18,0,0,0
BRDA:18,0,1,0
BRF:2
BRH:0
end_of_record
TN:
SF:src/controllers/companyController.ts
FN:4,(anonymous_13)
FN:5,(anonymous_15)
FN:8,(anonymous_18)
FN:11,(anonymous_19)
FN:15,(anonymous_20)
FN:19,(anonymous_23)
FN:22,(anonymous_24)
FN:26,(anonymous_25)
FN:31,(anonymous_28)
FN:34,(anonymous_29)
FNF:10
FNH:5
FNDA:4,(anonymous_13)
FNDA:2,(anonymous_15)
FNDA:2,(anonymous_18)
FNDA:0,(anonymous_19)
FNDA:52,(anonymous_20)
FNDA:52,(anonymous_23)
FNDA:0,(anonymous_24)
FNDA:0,(anonymous_25)
FNDA:0,(anonymous_28)
FNDA:0,(anonymous_29)
DA:2,2
DA:4,2
DA:5,2
DA:6,2
DA:7,4
DA:9,2
DA:12,0
DA:15,2
DA:16,52
DA:17,52
DA:18,104
DA:20,52
DA:23,0
DA:26,2
DA:27,0
DA:28,0
DA:29,0
DA:30,0
DA:32,0
DA:35,0
DA:38,2
DA:41,2
LF:22
LH:14
BRDA:29,0,0,0
BRDA:29,0,1,0
BRF:2
BRH:0
end_of_record
TN:
SF:src/controllers/contactController.ts
FN:4,(anonymous_13)
FN:5,(anonymous_15)
FN:8,(anonymous_18)
FN:11,(anonymous_19)
FN:15,(anonymous_20)
FN:20,(anonymous_23)
FN:23,(anonymous_24)
FNF:7
FNH:1
FNDA:4,(anonymous_13)
FNDA:0,(anonymous_15)
FNDA:0,(anonymous_18)
FNDA:0,(anonymous_19)
FNDA:0,(anonymous_20)
FNDA:0,(anonymous_23)
FNDA:0,(anonymous_24)
DA:2,2
DA:4,2
DA:5,2
DA:6,0
DA:7,0
DA:9,0
DA:12,0
DA:15,2
DA:16,0
DA:17,0
DA:19,0
DA:21,0
DA:24,0
DA:28,2
DA:31,2
LF:15
LH:6
BRF:0
BRH:0
end_of_record
TN:
SF:src/controllers/locationController.ts
FN:4,(anonymous_13)
FN:5,(anonymous_15)
FN:8,(anonymous_18)
FN:11,(anonymous_19)
FN:15,(anonymous_20)
FN:24,(anonymous_23)
FN:27,(anonymous_24)
FN:31,(anonymous_25)
FN:35,(anonymous_28)
FN:38,(anonymous_29)
FNF:10
FNH:1
FNDA:4,(anonymous_13)
FNDA:0,(anonymous_15)
FNDA:0,(anonymous_18)
FNDA:0,(anonymous_19)
FNDA:0,(anonymous_20)
FNDA:0,(anonymous_23)
FNDA:0,(anonymous_24)
FNDA:0,(anonymous_25)
FNDA:0,(anonymous_28)
FNDA:0,(anonymous_29)
DA:2,2
DA:4,2
DA:5,2
DA:6,0
DA:7,0
DA:9,0
DA:12,0
DA:15,2
DA:16,0
DA:17,0
DA:18,0
DA:19,0
DA:20,0
DA:21,0
DA:22,0
DA:23,0
DA:25,0
DA:28,0
DA:31,2
DA:32,0
DA:33,0
DA:34,0
DA:36,0
DA:39,0
DA:42,2
DA:44,2
LF:26
LH:7
BRDA:18,0,0,0
BRDA:18,0,1,0
BRDA:19,1,0,0
BRDA:19,1,1,0
BRDA:20,2,0,0
BRDA:20,2,1,0
BRDA:21,3,0,0
BRDA:21,3,1,0
BRDA:22,4,0,0
BRDA:22,4,1,0
BRF:10
BRH:0
end_of_record
TN:
SF:src/database/conection.ts
FNF:0
FNH:0
DA:1,2
DA:2,2
DA:3,2
DA:4,2
DA:6,2
DA:8,2
LF:6
LH:6
BRDA:6,0,0,2
BRDA:6,0,1,0
BRF:2
BRH:1
end_of_record
TN:
SF:src/database/migrations/20210227181437_create_techTable.js
FN:2,(anonymous_0)
FN:3,(anonymous_1)
FN:18,(anonymous_2)
FNF:3
FNH:3
FNDA:2,(anonymous_0)
FNDA:2,(anonymous_1)
FNDA:2,(anonymous_2)
DA:2,2
DA:3,2
DA:4,2
DA:5,2
DA:6,2
DA:7,2
DA:8,2
DA:9,2
DA:10,2
DA:11,2
DA:12,2
DA:13,2
DA:14,2
DA:18,2
DA:19,2
LF:15
LH:15
BRF:0
BRH:0
end_of_record
TN:
SF:src/database/migrations/20210719202417_create_usersTabler.js
FN:2,(anonymous_0)
FN:3,(anonymous_1)
FN:14,(anonymous_2)
FNF:3
FNH:3
FNDA:2,(anonymous_0)
FNDA:2,(anonymous_1)
FNDA:2,(anonymous_2)
DA:2,2
DA:3,2
DA:4,2
DA:5,2
DA:6,2
DA:7,2
DA:8,2
DA:9,2
DA:10,2
DA:14,2
DA:15,2
LF:11
LH:11
BRF:0
BRH:0
end_of_record
TN:
SF:src/database/migrations/20210721162959_updateTable.js
FN:2,(anonymous_0)
FN:3,(anonymous_1)
FN:8,(anonymous_2)
FN:9,(anonymous_3)
FNF:4
FNH:4
FNDA:2,(anonymous_0)
FNDA:2,(anonymous_1)
FNDA:2,(anonymous_2)
FNDA:2,(anonymous_3)
DA:2,2
DA:3,2
DA:4,2
DA:8,2
DA:9,2
DA:10,2
LF:6
LH:6
BRF:0
BRH:0
end_of_record
TN:
SF:src/middlewares/auth.ts
FN:11,(anonymous_1)
FN:17,(anonymous_2)
FNF:2
FNH:0
FNDA:0,(anonymous_1)
FNDA:0,(anonymous_2)
DA:1,2
DA:4,2
DA:10,2
DA:12,0
DA:13,0
DA:15,0
DA:17,0
DA:18,0
DA:19,0
DA:20,0
DA:21,0
LF:11
LH:3
BRDA:4,0,0,2
BRDA:4,0,1,0
BRDA:15,1,0,0
BRDA:15,1,1,0
BRDA:18,2,0,0
BRDA:18,2,1,0
BRF:6
BRH:1
end_of_record
TN:
SF:tests/utils/uuidRegex.ts
FNF:0
FNH:0
DA:2,2
LF:1
LH:1
BRF:0
BRH:0
end_of_record
